2024-03-04 10:52:32,439 [INFO] Activator:176 - 


2024-03-04 10:52:32,446 [INFO] Activator:177 - !SESSION log4j initialized
2024-03-04 10:52:43,710 [INFO] LogOutputStream:77 - [STDOUT_REDIRECT] 
2024-03-04 10:52:52,703 [INFO] ApplicationProperties:184 - Using Application install path: C:\ST\STM32CubeIDE_1.14.0\STM32CubeIDE\plugins\com.st.stm32cube.common.mx_6.10.0.202311202037
2024-03-04 10:52:52,757 [INFO] DbMcusXml:78 - Set database path to: C:\ST\STM32CubeIDE_1.14.0\STM32CubeIDE\plugins\com.st.stm32cube.common.mx_6.10.0.202311202037\\db\/mcu/
2024-03-04 10:52:52,757 [INFO] ApiDb:274 - Set plugin database path to: C:\ST\STM32CubeIDE_1.14.0\STM32CubeIDE\plugins\com.st.stm32cube.common.mx_6.10.0.202311202037\\db\/plugins/boardmanager/
2024-03-04 10:52:52,760 [WARN] ApiDb:259 - Overriding images path with different value:  => C:\ST\STM32CubeIDE_1.14.0\STM32CubeIDE\plugins\com.st.stm32cube.common.mx_6.10.0.202311202037\\db\/plugins/mcufinder/images/
2024-03-04 10:52:52,779 [INFO] ApiDb:250 - Set database path to: C:\Users\arin\.stmcufinder\plugins\mcufinder//mcu/
2024-03-04 10:52:52,783 [INFO] DbMcusAds:125 - Set database path to: C:\Users\arin\.stmcufinder\plugins\mcufinder//mcu/
2024-03-04 10:52:52,789 [INFO] CrossReferenceDbSqlite:203 - Set database path to: C:\Users\arin\.stmcufinder\plugins\mcufinder//mcu/cs/
2024-03-04 10:52:53,023 [INFO] RulesReader:64 - Compatibility file has been processed (297 Rules)
2024-03-04 10:52:53,167 [INFO] DbMcusXml:78 - Set database path to: C:\ST\STM32CubeIDE_1.14.0\STM32CubeIDE\plugins\com.st.stm32cube.common.mx_6.10.0.202311202037\\db\/mcu/
2024-03-04 10:52:53,167 [INFO] ApiDb:274 - Set plugin database path to: C:\ST\STM32CubeIDE_1.14.0\STM32CubeIDE\plugins\com.st.stm32cube.common.mx_6.10.0.202311202037\\db\/plugins/boardmanager/
2024-03-04 10:52:53,167 [INFO] ApiDb:261 - Set plugin images path to: C:\ST\STM32CubeIDE_1.14.0\STM32CubeIDE\plugins\com.st.stm32cube.common.mx_6.10.0.202311202037\\db\/plugins/mcufinder/images/
2024-03-04 10:52:53,168 [WARN] DbFile:41 - Overriding database path with different value: C:\Users\arin\.stmcufinder\plugins\mcufinder/ => C:\Users\arin\.stmcufinder\plugins\mcufinder
2024-03-04 10:52:53,168 [INFO] ApiDb:250 - Set database path to: C:\Users\arin\.stmcufinder\plugins\mcufinder//mcu/
2024-03-04 10:52:53,168 [WARN] DbFile:41 - Overriding database path with different value: C:\Users\arin\.stmcufinder\plugins\mcufinder/ => C:\Users\arin\.stmcufinder\plugins\mcufinder
2024-03-04 10:52:53,168 [INFO] DbMcusAds:125 - Set database path to: C:\Users\arin\.stmcufinder\plugins\mcufinder//mcu/
2024-03-04 10:52:53,168 [WARN] DbFile:41 - Overriding database path with different value: C:\Users\arin\.stmcufinder\plugins\mcufinder/ => C:\Users\arin\.stmcufinder\plugins\mcufinder
2024-03-04 10:52:53,168 [WARN] DbFile:41 - Overriding database path with different value: C:\Users\arin\.stmcufinder\plugins\mcufinder/ => C:\Users\arin\.stmcufinder\plugins\mcufinder
2024-03-04 10:52:53,169 [INFO] CrossReferenceDbSqlite:203 - Set database path to: C:\Users\arin\.stmcufinder\plugins\mcufinder//mcu/cs/
2024-03-04 10:52:53,298 [INFO] MainPanel:264 - HeapMemory: 268435456
2024-03-04 10:52:53,443 [INFO] DbMcusXml:78 - Set database path to: C:\ST\STM32CubeIDE_1.14.0\STM32CubeIDE\plugins\com.st.stm32cube.common.mx_6.10.0.202311202037\\db\/mcu/
2024-03-04 10:52:53,443 [INFO] ApiDb:274 - Set plugin database path to: C:\ST\STM32CubeIDE_1.14.0\STM32CubeIDE\plugins\com.st.stm32cube.common.mx_6.10.0.202311202037\\db\/plugins/boardmanager/
2024-03-04 10:52:53,443 [INFO] ApiDb:261 - Set plugin images path to: C:\ST\STM32CubeIDE_1.14.0\STM32CubeIDE\plugins\com.st.stm32cube.common.mx_6.10.0.202311202037\\db\/plugins/mcufinder/images/
2024-03-04 10:52:53,444 [WARN] DbFile:41 - Overriding database path with different value: C:\Users\arin\.stmcufinder\plugins\mcufinder/ => C:\Users\arin\.stmcufinder\plugins\mcufinder
2024-03-04 10:52:53,444 [INFO] ApiDb:250 - Set database path to: C:\Users\arin\.stmcufinder\plugins\mcufinder//mcu/
2024-03-04 10:52:53,445 [WARN] DbFile:41 - Overriding database path with different value: C:\Users\arin\.stmcufinder\plugins\mcufinder/ => C:\Users\arin\.stmcufinder\plugins\mcufinder
2024-03-04 10:52:53,445 [INFO] DbMcusAds:125 - Set database path to: C:\Users\arin\.stmcufinder\plugins\mcufinder//mcu/
2024-03-04 10:52:53,445 [WARN] DbFile:41 - Overriding database path with different value: C:\Users\arin\.stmcufinder\plugins\mcufinder/ => C:\Users\arin\.stmcufinder\plugins\mcufinder
2024-03-04 10:52:53,445 [WARN] DbFile:41 - Overriding database path with different value: C:\Users\arin\.stmcufinder\plugins\mcufinder/ => C:\Users\arin\.stmcufinder\plugins\mcufinder
2024-03-04 10:52:53,445 [INFO] CrossReferenceDbSqlite:203 - Set database path to: C:\Users\arin\.stmcufinder\plugins\mcufinder//mcu/cs/
2024-03-04 10:52:53,473 [INFO] ApplicationProperties:184 - Using Application install path: C:\ST\STM32CubeIDE_1.14.0\STM32CubeIDE\plugins\com.st.stm32cube.common.mx_6.10.0.202311202037
2024-03-04 10:52:53,476 [INFO] PluginManage:196 - Search for loadable plugins [exclusion list=, ]
2024-03-04 10:52:53,478 [INFO] PluginManage:310 - Check plugin analytics
2024-03-04 10:52:53,709 [INFO] AnalyticsPlugin:253 - Accepted Software Licenses: 
2024-03-04 10:52:53,709 [INFO] AnalyticsPlugin:255 - Accepted CMSIS Pack Licenses: 
2024-03-04 10:52:53,709 [INFO] AnalyticsPlugin:257 - Accepted Firmware Licenses: FW.F7.1.17.0
2024-03-04 10:52:53,712 [INFO] PluginManage:359 - Loaded plugin analytics (category:tool,tabindex:-1)
2024-03-04 10:52:53,713 [INFO] PluginManage:310 - Check plugin cadmodel
2024-03-04 10:52:53,752 [INFO] CADModel:105 - Init CAD model plugin
2024-03-04 10:52:53,752 [INFO] PluginManage:359 - Loaded plugin cadmodel (category:power,tabindex:5)
2024-03-04 10:52:53,753 [INFO] PluginManage:310 - Check plugin clock
2024-03-04 10:52:53,781 [INFO] PluginManage:359 - Loaded plugin clock (category:base,tabindex:2)
2024-03-04 10:52:53,781 [INFO] PluginManage:310 - Check plugin ddr
2024-03-04 10:52:53,785 [INFO] PluginManage:359 - Loaded plugin ddr (category:tool,tabindex:6)
2024-03-04 10:52:53,785 [INFO] PluginManage:310 - Check plugin filemanager
2024-03-04 10:52:53,976 [INFO] PluginManage:359 - Loaded plugin filemanager (category:base,tabindex:10)
2024-03-04 10:52:53,976 [INFO] PluginManage:310 - Check plugin ipmanager
2024-03-04 10:52:53,990 [INFO] PluginManage:359 - Loaded plugin ipmanager (category:base,tabindex:5)
2024-03-04 10:52:53,990 [INFO] PluginManage:310 - Check plugin lpbam
2024-03-04 10:52:54,022 [INFO] PluginManage:359 - Loaded plugin lpbam (category:base,tabindex:0)
2024-03-04 10:52:54,022 [INFO] PluginManage:310 - Check plugin memorymap
2024-03-04 10:52:54,057 [INFO] PluginManage:359 - Loaded plugin memorymap (category:base,tabindex:4)
2024-03-04 10:52:54,057 [INFO] PluginManage:310 - Check plugin pinoutandconfiguration
2024-03-04 10:52:54,086 [INFO] PluginManage:359 - Loaded plugin pinoutandconfiguration (category:base,tabindex:1)
2024-03-04 10:52:54,087 [INFO] PluginManage:310 - Check plugin pinoutconfig
2024-03-04 10:52:54,240 [WARN] SupportedApi:132 - Cannot load RTOS API schema: s4s-elt-must-match.1: The content of 'definitions' must match (annotation?, (simpleType | complexType)?, (unique | key | keyref)*)). A problem was found starting at: attribute.
2024-03-04 10:52:54,423 [INFO] PluginManage:359 - Loaded plugin pinoutconfig (category:base,tabindex:0)
2024-03-04 10:52:54,423 [INFO] PluginManage:310 - Check plugin power
2024-03-04 10:52:54,450 [INFO] PluginManage:359 - Loaded plugin power (category:power,tabindex:4)
2024-03-04 10:52:54,450 [INFO] PluginManage:310 - Check plugin projectmanager
2024-03-04 10:52:54,474 [INFO] PluginManage:359 - Loaded plugin projectmanager (category:projectmanager,tabindex:3)
2024-03-04 10:52:54,474 [INFO] PluginManage:310 - Check plugin thirdparty
2024-03-04 10:52:54,896 [INFO] PluginManage:359 - Loaded plugin thirdparty (category:base,tabindex:-1)
2024-03-04 10:52:54,896 [INFO] PluginManage:310 - Check plugin tools
2024-03-04 10:52:54,896 [WARN] IntegrityCheckThread:84 - waiting for thirdparty lock release [integrity check]
2024-03-04 10:52:54,896 [INFO] IntegrityCheckThread:86 - entering critical section [integrity check]
2024-03-04 10:52:54,896 [INFO] ThirdPartyUpdaterWithRetryManager:70 - Updater plugin not ready yet. [1/15]
2024-03-04 10:52:54,945 [INFO] PluginManage:359 - Loaded plugin tools (category:base,tabindex:7)
2024-03-04 10:52:54,946 [INFO] PluginManage:310 - Check plugin tutovideos
2024-03-04 10:52:55,196 [INFO] PluginManage:359 - Loaded plugin tutovideos (category:base,tabindex:-1)
2024-03-04 10:52:55,196 [INFO] PluginManage:310 - Check plugin updater
2024-03-04 10:52:55,213 [INFO] PluginManage:359 - Loaded plugin updater (category:base,tabindex:12)
2024-03-04 10:52:55,213 [INFO] PluginManage:310 - Check plugin userauth
2024-03-04 10:52:55,220 [INFO] UserAuth:114 - Init User Auth plugin
2024-03-04 10:52:55,220 [INFO] PluginManage:359 - Loaded plugin userauth (category:base,tabindex:14)
2024-03-04 10:52:55,222 [INFO] PluginManage:283 - PluginManage : Loaded plugins [17]
2024-03-04 10:52:55,569 [INFO] PinOutPanel:1499 - setPackage(No Configuration,No Configuration)
2024-03-04 10:52:55,691 [INFO] CADModel:165 - CPN selected for project level
2024-03-04 10:52:55,691 [INFO] CADModel:114 - Register for checkConnection events
2024-03-04 10:52:55,736 [INFO] IPUIPlugin:80 - create IPUIPlugin
2024-03-04 10:52:55,736 [INFO] PluginManager:220 - loadIPPluginJar : add adc
2024-03-04 10:52:55,801 [INFO] IPUIPlugin:80 - create IPUIPlugin
2024-03-04 10:52:55,801 [INFO] PluginManager:220 - loadIPPluginJar : add aes
2024-03-04 10:52:55,854 [INFO] IPUIPlugin:80 - create IPUIPlugin
2024-03-04 10:52:55,854 [INFO] PluginManager:220 - loadIPPluginJar : add can
2024-03-04 10:52:55,879 [INFO] IPUIPlugin:80 - create IPUIPlugin
2024-03-04 10:52:55,879 [INFO] PluginManager:220 - loadIPPluginJar : add comp
2024-03-04 10:52:55,920 [INFO] IPUIPlugin:80 - create IPUIPlugin
2024-03-04 10:52:55,921 [INFO] PluginManager:220 - loadIPPluginJar : add cryp
2024-03-04 10:52:55,960 [INFO] IPUIPlugin:80 - create IPUIPlugin
2024-03-04 10:52:55,961 [INFO] PluginManager:220 - loadIPPluginJar : add dfsdm
2024-03-04 10:52:55,978 [INFO] IPUIPlugin:80 - create IPUIPlugin
2024-03-04 10:52:55,979 [INFO] PluginManager:220 - loadIPPluginJar : add dma
2024-03-04 10:52:56,038 [INFO] IPUIPlugin:80 - create IPUIPlugin
2024-03-04 10:52:56,038 [INFO] PluginManager:220 - loadIPPluginJar : add dma3
2024-03-04 10:52:56,058 [INFO] IPUIPlugin:80 - create IPUIPlugin
2024-03-04 10:52:56,059 [INFO] PluginManager:220 - loadIPPluginJar : add fatfs
2024-03-04 10:52:56,110 [INFO] IPUIPlugin:80 - create IPUIPlugin
2024-03-04 10:52:56,110 [INFO] PluginManager:220 - loadIPPluginJar : add fmc
2024-03-04 10:52:56,127 [INFO] IPUIPlugin:80 - create IPUIPlugin
2024-03-04 10:52:56,127 [INFO] PluginManager:220 - loadIPPluginJar : add freertos
2024-03-04 10:52:56,160 [INFO] IPUIPlugin:80 - create IPUIPlugin
2024-03-04 10:52:56,160 [INFO] PluginManager:220 - loadIPPluginJar : add genericplugin
2024-03-04 10:52:56,269 [INFO] IPUIPlugin:80 - create IPUIPlugin
2024-03-04 10:52:56,269 [INFO] PluginManager:220 - loadIPPluginJar : add gfxmmu
2024-03-04 10:52:56,391 [INFO] IPUIPlugin:80 - create IPUIPlugin
2024-03-04 10:52:56,391 [INFO] PluginManager:220 - loadIPPluginJar : add gic
2024-03-04 10:52:56,405 [INFO] IPUIPlugin:80 - create IPUIPlugin
2024-03-04 10:52:56,406 [INFO] PluginManager:220 - loadIPPluginJar : add gpio
2024-03-04 10:52:56,498 [INFO] IPUIPlugin:80 - create IPUIPlugin
2024-03-04 10:52:56,498 [INFO] PluginManager:220 - loadIPPluginJar : add gtzc
2024-03-04 10:52:56,528 [INFO] IPUIPlugin:80 - create IPUIPlugin
2024-03-04 10:52:56,528 [INFO] PluginManager:220 - loadIPPluginJar : add hash
2024-03-04 10:52:56,577 [INFO] IPUIPlugin:80 - create IPUIPlugin
2024-03-04 10:52:56,577 [INFO] PluginManager:220 - loadIPPluginJar : add i2c
2024-03-04 10:52:56,612 [INFO] IPUIPlugin:80 - create IPUIPlugin
2024-03-04 10:52:56,612 [INFO] PluginManager:220 - loadIPPluginJar : add i2s
2024-03-04 10:52:56,646 [INFO] IPUIPlugin:80 - create IPUIPlugin
2024-03-04 10:52:56,646 [INFO] PluginManager:220 - loadIPPluginJar : add i3c
2024-03-04 10:52:56,733 [INFO] IPUIPlugin:80 - create IPUIPlugin
2024-03-04 10:52:56,733 [INFO] PluginManager:220 - loadIPPluginJar : add ipddr
2024-03-04 10:52:56,829 [INFO] IPUIPlugin:80 - create IPUIPlugin
2024-03-04 10:52:56,830 [INFO] PluginManager:220 - loadIPPluginJar : add linkedlist
2024-03-04 10:52:56,875 [INFO] IPUIPlugin:80 - create IPUIPlugin
2024-03-04 10:52:56,875 [INFO] PluginManager:220 - loadIPPluginJar : add lorawan
2024-03-04 10:52:56,933 [INFO] IPUIPlugin:80 - create IPUIPlugin
2024-03-04 10:52:56,933 [INFO] PluginManager:220 - loadIPPluginJar : add ltdc
2024-03-04 10:52:56,948 [INFO] IPUIPlugin:80 - create IPUIPlugin
2024-03-04 10:52:56,949 [INFO] PluginManager:220 - loadIPPluginJar : add mdma
2024-03-04 10:52:56,964 [INFO] IPUIPlugin:80 - create IPUIPlugin
2024-03-04 10:52:56,964 [INFO] PluginManager:220 - loadIPPluginJar : add nvic
2024-03-04 10:52:57,012 [INFO] IPUIPlugin:80 - create IPUIPlugin
2024-03-04 10:52:57,013 [INFO] PluginManager:220 - loadIPPluginJar : add opamp
2024-03-04 10:52:57,101 [INFO] IPUIPlugin:80 - create IPUIPlugin
2024-03-04 10:52:57,101 [INFO] PluginManager:220 - loadIPPluginJar : add openamp
2024-03-04 10:52:57,164 [INFO] IPUIPlugin:80 - create IPUIPlugin
2024-03-04 10:52:57,165 [INFO] PluginManager:220 - loadIPPluginJar : add pdm2pcm
2024-03-04 10:52:57,181 [INFO] IPUIPlugin:80 - create IPUIPlugin
2024-03-04 10:52:57,183 [INFO] PluginManager:220 - loadIPPluginJar : add plateformsettings
2024-03-04 10:52:57,214 [INFO] IPUIPlugin:80 - create IPUIPlugin
2024-03-04 10:52:57,214 [INFO] PluginManager:220 - loadIPPluginJar : add quadspi
2024-03-04 10:52:57,230 [INFO] IPUIPlugin:80 - create IPUIPlugin
2024-03-04 10:52:57,230 [INFO] PluginManager:220 - loadIPPluginJar : add resmgrutility
2024-03-04 10:52:57,298 [INFO] IPUIPlugin:80 - create IPUIPlugin
2024-03-04 10:52:57,298 [INFO] PluginManager:220 - loadIPPluginJar : add sai
2024-03-04 10:52:57,347 [INFO] IPUIPlugin:80 - create IPUIPlugin
2024-03-04 10:52:57,347 [INFO] PluginManager:220 - loadIPPluginJar : add spi
2024-03-04 10:52:57,466 [INFO] IPUIPlugin:80 - create IPUIPlugin
2024-03-04 10:52:57,467 [INFO] PluginManager:220 - loadIPPluginJar : add stm32_wpan
2024-03-04 10:52:57,504 [INFO] IPUIPlugin:80 - create IPUIPlugin
2024-03-04 10:52:57,505 [INFO] PluginManager:220 - loadIPPluginJar : add tim
2024-03-04 10:52:57,589 [INFO] IPUIPlugin:80 - create IPUIPlugin
2024-03-04 10:52:57,589 [INFO] PluginManager:220 - loadIPPluginJar : add touchsensing
2024-03-04 10:52:57,619 [INFO] IPUIPlugin:80 - create IPUIPlugin
2024-03-04 10:52:57,619 [INFO] PluginManager:220 - loadIPPluginJar : add tracer_emb
2024-03-04 10:52:57,653 [INFO] IPUIPlugin:80 - create IPUIPlugin
2024-03-04 10:52:57,653 [INFO] PluginManager:220 - loadIPPluginJar : add ts
2024-03-04 10:52:57,687 [INFO] IPUIPlugin:80 - create IPUIPlugin
2024-03-04 10:52:57,687 [INFO] PluginManager:220 - loadIPPluginJar : add tsc
2024-03-04 10:52:57,720 [INFO] IPUIPlugin:80 - create IPUIPlugin
2024-03-04 10:52:57,721 [INFO] PluginManager:220 - loadIPPluginJar : add ucpd
2024-03-04 10:52:57,776 [INFO] IPUIPlugin:80 - create IPUIPlugin
2024-03-04 10:52:57,777 [INFO] PluginManager:220 - loadIPPluginJar : add usart
2024-03-04 10:52:57,837 [INFO] IPUIPlugin:80 - create IPUIPlugin
2024-03-04 10:52:57,838 [INFO] PluginManager:220 - loadIPPluginJar : add usbx
2024-03-04 10:52:57,907 [INFO] ThirdPartyUpdaterWithRetryManager:70 - Updater plugin not ready yet. [2/15]
2024-03-04 10:52:58,036 [INFO] CADModel:165 - CPN selected for project level
2024-03-04 10:52:58,036 [INFO] CADModel:114 - Register for checkConnection events
2024-03-04 10:52:58,036 [FATAL] Updater:308 - Updater called before beeing initialized
2024-03-04 10:52:58,036 [ERROR] CADModel:125 - Updater not yet initialized, retry later 
2024-03-04 10:52:58,263 [INFO] CADModel:165 - CPN selected for project level
2024-03-04 10:52:58,263 [INFO] CADModel:114 - Register for checkConnection events
2024-03-04 10:52:58,263 [FATAL] Updater:308 - Updater called before beeing initialized
2024-03-04 10:52:58,264 [ERROR] CADModel:125 - Updater not yet initialized, retry later 
2024-03-04 10:52:58,268 [FATAL] Updater:308 - Updater called before beeing initialized
2024-03-04 10:52:58,480 [FATAL] Updater:308 - Updater called before beeing initialized
2024-03-04 10:52:58,494 [INFO] DbMcusAds:53 - JSON generation date=Wed Nov 29 17:52:27 ICT 2023 (1701255147349)
2024-03-04 10:52:58,494 [FATAL] Updater:308 - Updater called before beeing initialized
2024-03-04 10:52:58,612 [WARN] DetailPanel:346 - Failed to get advertising image, set to default
2024-03-04 10:52:58,747 [FATAL] Updater:308 - Updater called before beeing initialized
2024-03-04 10:52:58,750 [FATAL] Updater:308 - Updater called before beeing initialized
2024-03-04 10:52:58,750 [FATAL] Updater:308 - Updater called before beeing initialized
2024-03-04 10:52:58,750 [WARN] DetailPanel:346 - Failed to get advertising image, set to default
2024-03-04 10:52:58,751 [FATAL] Updater:308 - Updater called before beeing initialized
2024-03-04 10:52:58,860 [ERROR] Updater:1120 - MainUpdater not yet initialized. External WinMGr cannot be set.
2024-03-04 10:52:58,875 [INFO] Updater:1056 - Updater Version found : 6.10.0
2024-03-04 10:52:58,908 [INFO] ApplicationProperties:184 - Using Application install path: C:\ST\STM32CubeIDE_1.14.0\STM32CubeIDE\plugins\com.st.stm32cube.common.mx_6.10.0.202311202037
2024-03-04 10:52:59,478 [INFO] MainUpdater:2873 - connection check result : 10
2024-03-04 10:52:59,478 [INFO] MainUpdater:3567 - Updater definition file requires update
2024-03-04 10:52:59,479 [INFO] MainUpdater:290 - Updater Check For Update Now.
2024-03-04 10:52:59,480 [INFO] MicroXplorer:498 - Change Database Version : DB.6.0.100
2024-03-04 10:52:59,524 [INFO] McuFinderGlobals:63 - Set McuFinder mode to 2 (CubeIDE integrated)
2024-03-04 10:52:59,528 [INFO] ServerAccessManage:473 - Download File updaters.zip
2024-03-04 10:52:59,848 [INFO] UserAuth:404 - Internet connection configuration mode: 1
2024-03-04 10:52:59,878 [INFO] JxBrowserEngine:152 - Initiate JxBrowser Engine with user profile folder
2024-03-04 10:52:59,934 [INFO] FileExtend:240 - Unzip File : updaters.zip
2024-03-04 10:52:59,935 [INFO] FileExtend:255 - Standard Zip Deflate
2024-03-04 10:53:00,434 [INFO] ServerAccessManage:473 - Download File PacksControlFlags.xml
2024-03-04 10:53:00,511 [INFO] ServerAccessManage:473 - Download File cubemx.pidx
2024-03-04 10:53:00,914 [WARN] MainUpdater:1194 - Updater busy. Cannot search thirdparties
2024-03-04 10:53:00,915 [INFO] ThirdPartyUpdaterWithRetryManager:96 - Updater plugin is busy. [1/15]
2024-03-04 10:53:01,279 [INFO] ServerAccessManage:473 - Download File STMicroelectronics.X-CUBE-BLEMGR.pdsc
2024-03-04 10:53:03,805 [ERROR] ServerAccessManage:1096 - Problem, Http access forbiden
2024-03-04 10:53:03,806 [ERROR] ServerAccessManage:651 - Problem, Http access forbiden : RoweBots.I-CUBE-UNISONRTOS.pdsc.
2024-03-04 10:53:03,923 [WARN] MainUpdater:1194 - Updater busy. Cannot search thirdparties
2024-03-04 10:53:03,923 [INFO] ThirdPartyUpdaterWithRetryManager:96 - Updater plugin is busy. [2/15]
2024-03-04 10:53:04,026 [WARN] PackLoader:240 - Cannot read IP mode file for STMicroelectronics.X-CUBE-BLEMGR.3.1.0
2024-03-04 10:53:04,034 [INFO] PopulateThirdPartyThread:66 - Ending populate Thread
2024-03-04 10:53:04,037 [INFO] ThirdParty:1030 - CMSIS Pack Vendor :STMicroelectronics X-CUBE-BLEMGR 3.1.0
2024-03-04 10:53:04,037 [INFO] LoadServerUpdatesThread:375 - End of LoadServerUpdate Thread
2024-03-04 10:53:04,183 [INFO] CheckServerUpdateThread:120 - End of CheckServer Thread
2024-03-04 10:53:04,953 [INFO] WebApp:161 - Instantiating new browser for Auth
2024-03-04 10:53:05,687 [INFO] WebApp:780 - Register for checkConnection events
2024-03-04 10:53:05,687 [INFO] WebApp:414 - Apply proxy settings
2024-03-04 10:53:05,687 [INFO] WebApp:499 - Chromium requires no authentication
2024-03-04 10:53:05,698 [INFO] WebApp:442 - Direct internet connection detected
2024-03-04 10:53:05,908 [INFO] WebApp:192 - Starting web application
2024-03-04 10:53:05,908 [INFO] WebApp:544 - Web application path used C:\ST\STM32CubeIDE_1.14.0\STM32CubeIDE\plugins\com.st.stm32cube.common.mx_6.10.0.202311202037\db\plugins\mcufinder\reactClient1\index.html
2024-03-04 10:53:07,261 [WARN] PackLoader:240 - Cannot read IP mode file for STMicroelectronics.X-CUBE-SMBUS.2.1.0
2024-03-04 10:53:07,270 [WARN] PackLoader:240 - Cannot read IP mode file for STMicroelectronics.X-CUBE-TOUCHGFX.4.23.0
2024-03-04 10:53:07,327 [WARN] PackLoader:240 - Cannot read IP mode file for STMicroelectronics.X-CUBE-AZRTOS-F7.1.1.0
2024-03-04 10:53:07,342 [WARN] PackLoader:240 - Cannot read IP mode file for STMicroelectronics.FP-SNS-MOTENV1.4.3.2
2024-03-04 10:53:07,353 [WARN] PackLoader:240 - Cannot read IP mode file for STMicroelectronics.FP-SNS-FLIGHT1.5.0.2
2024-03-04 10:53:07,365 [WARN] PackLoader:240 - Cannot read IP mode file for STMicroelectronics.X-CUBE-DISPLAY.3.0.0
2024-03-04 10:53:07,387 [WARN] PackLoader:240 - Cannot read IP mode file for STMicroelectronics.X-CUBE-BLE1.7.0.0
2024-03-04 10:53:07,397 [WARN] PackLoader:240 - Cannot read IP mode file for emotas.I-CUBE-CANOPEN.1.3.0
2024-03-04 10:53:07,403 [WARN] PackLoader:240 - Cannot read IP mode file for STMicroelectronics.X-CUBE-TOUCHGFX.4.22.1
2024-03-04 10:53:07,433 [WARN] PackLoader:240 - Cannot read IP mode file for STMicroelectronics.X-CUBE-BLEMGR.3.1.0
2024-03-04 10:53:07,447 [WARN] PackLoader:240 - Cannot read IP mode file for STMicroelectronics.FP-SNS-SMARTAG2.1.2.0
2024-03-04 10:53:07,461 [INFO] LogOutputStream:77 - [STDOUT_REDIRECT] 1 : Invalid condition id : UX_CORESTACK_Condition cause : null
2024-03-04 10:53:07,462 [INFO] LogOutputStream:77 - [STDOUT_REDIRECT] 1 : Invalid condition id : UX_CORESTACK_Condition cause : null
2024-03-04 10:53:07,465 [INFO] LogOutputStream:77 - [STDOUT_REDIRECT] 1 : Invalid condition id : UX_CORESTACK_Condition cause : null
2024-03-04 10:53:07,466 [INFO] LogOutputStream:77 - [STDOUT_REDIRECT] 1 : Invalid condition id : UX_CORESTACK_Condition cause : null
2024-03-04 10:53:07,468 [INFO] LogOutputStream:77 - [STDOUT_REDIRECT] 1 : Invalid condition id : UX_CORESTACK_Condition cause : null
2024-03-04 10:53:07,476 [WARN] PackLoader:240 - Cannot read IP mode file for STMicroelectronics.X-CUBE-AZRTOS-WL.2.0.0
2024-03-04 10:53:07,499 [WARN] PackLoader:240 - Cannot read IP mode file for WES.I-CUBE-Cesium.1.3.0
2024-03-04 10:53:07,510 [WARN] PackLoader:240 - Cannot read IP mode file for STMicroelectronics.X-CUBE-BLE2.3.3.0
2024-03-04 10:53:07,520 [WARN] PackLoader:240 - Cannot read IP mode file for STMicroelectronics.X-CUBE-ALGOBUILD.1.3.0
2024-03-04 10:53:07,543 [WARN] PackLoader:240 - Cannot read IP mode file for STMicroelectronics.X-CUBE-AZRTOS-G0.1.1.0
2024-03-04 10:53:07,554 [WARN] PackLoader:240 - Cannot read IP mode file for STMicroelectronics.X-CUBE-NFC4.3.0.0
2024-03-04 10:53:07,578 [WARN] PackLoader:240 - Cannot read IP mode file for STMicroelectronics.X-CUBE-BLEMGR.3.0.0
2024-03-04 10:53:07,595 [WARN] PackLoader:240 - Cannot read IP mode file for STMicroelectronics.FP-ATR-SIGFOX1.3.2.0
2024-03-04 10:53:07,602 [WARN] PackLoader:240 - Cannot read IP mode file for STMicroelectronics.X-CUBE-EEPRMA1.5.1.0
2024-03-04 10:53:07,657 [WARN] PackLoader:240 - Cannot read IP mode file for SEGGER.I-CUBE-embOS.1.3.1
2024-03-04 10:53:07,741 [WARN] PackLoader:240 - Cannot read IP mode file for STMicroelectronics.X-CUBE-GNSS1.6.0.0
2024-03-04 10:53:07,765 [WARN] PackLoader:240 - Cannot read IP mode file for STMicroelectronics.X-CUBE-AZRTOS-F4.1.1.0
2024-03-04 10:53:07,776 [WARN] PackLoader:240 - Cannot read IP mode file for wolfSSL.I-CUBE-wolfSSL.5.6.4
2024-03-04 10:53:07,797 [WARN] PackLoader:240 - Cannot read IP mode file for STMicroelectronics.X-CUBE-AZRTOS-L5.2.0.0
2024-03-04 10:53:07,807 [WARN] PackLoader:240 - Cannot read IP mode file for STMicroelectronics.X-CUBE-EEPRMA1.4.2.0
2024-03-04 10:53:07,815 [WARN] PackLoader:240 - Cannot read IP mode file for ITTIA_DB.I-CUBE-ITTIADB.8.8.0
2024-03-04 10:53:07,836 [WARN] ConditionMgr:438 - getConditionDescription Invalid condition id : UX DEVICE CLASS RTOS Condition cause : null
2024-03-04 10:53:07,837 [WARN] ConditionMgr:438 - getConditionDescription Invalid condition id : UX DEVICE CLASS RTOS Condition cause : null
2024-03-04 10:53:07,839 [WARN] PackLoader:240 - Cannot read IP mode file for STMicroelectronics.X-CUBE-AZRTOS-H7.3.1.0
2024-03-04 10:53:07,841 [WARN] ConditionMgr:1039 - genDependencies : Invalid condition id : UX DEVICE CLASS RTOS Condition cause : null
2024-03-04 10:53:07,841 [WARN] ConditionMgr:1039 - genDependencies : Invalid condition id : UX DEVICE CLASS RTOS Condition cause : null
2024-03-04 10:53:07,843 [WARN] ConditionMgr:1039 - genDependencies : Invalid condition id : UX DEVICE CLASS RTOS Condition cause : null
2024-03-04 10:53:07,843 [WARN] ConditionMgr:1039 - genDependencies : Invalid condition id : UX DEVICE CLASS RTOS Condition cause : null
2024-03-04 10:53:07,845 [WARN] ConditionMgr:1039 - genDependencies : Invalid condition id : UX DEVICE CLASS RTOS Condition cause : null
2024-03-04 10:53:07,854 [WARN] PackLoader:240 - Cannot read IP mode file for STMicroelectronics.X-CUBE-NFC7.1.0.1
2024-03-04 10:53:07,865 [WARN] PackLoader:240 - Cannot read IP mode file for STMicroelectronics.X-CUBE-NFC6.3.0.0
2024-03-04 10:53:07,873 [WARN] PackLoader:240 - Cannot read IP mode file for STMicroelectronics.X-CUBE-AI.8.1.0
2024-03-04 10:53:07,890 [WARN] ConditionMgr:438 - getConditionDescription Invalid condition id : LAN8742 Phy interface Condition cause : null
2024-03-04 10:53:07,892 [WARN] PackLoader:240 - Cannot read IP mode file for STMicroelectronics.X-CUBE-AZRTOS-L4.2.0.0
2024-03-04 10:53:07,894 [WARN] ConditionMgr:1039 - genDependencies : Invalid condition id : LAN8742 Phy interface Condition cause : null
2024-03-04 10:53:07,895 [WARN] ConditionMgr:1039 - genDependencies : Invalid condition id : LAN8742 Phy interface Condition cause : null
2024-03-04 10:53:07,895 [WARN] ConditionMgr:1039 - genDependencies : Invalid condition id : LAN8742 Phy interface Condition cause : null
2024-03-04 10:53:07,905 [WARN] PackLoader:240 - Cannot read IP mode file for STMicroelectronics.X-CUBE-SFXS2LP1.4.0.0
2024-03-04 10:53:07,915 [WARN] PackLoader:240 - Cannot read IP mode file for STMicroelectronics.X-CUBE-ISPU.1.1.0
2024-03-04 10:53:07,932 [WARN] ConditionMgr:438 - getConditionDescription Invalid condition id : UX DEVICE CLASS RTOS Condition cause : null
2024-03-04 10:53:07,933 [WARN] ConditionMgr:438 - getConditionDescription Invalid condition id : UX DEVICE CLASS RTOS Condition cause : null
2024-03-04 10:53:07,937 [WARN] PackLoader:240 - Cannot read IP mode file for STMicroelectronics.X-CUBE-AZRTOS-WB.2.0.0
2024-03-04 10:53:07,937 [WARN] ConditionMgr:1039 - genDependencies : Invalid condition id : UX DEVICE CLASS RTOS Condition cause : null
2024-03-04 10:53:07,938 [WARN] ConditionMgr:1039 - genDependencies : Invalid condition id : UX DEVICE CLASS RTOS Condition cause : null
2024-03-04 10:53:07,938 [WARN] ConditionMgr:1039 - genDependencies : Invalid condition id : UX DEVICE CLASS RTOS Condition cause : null
2024-03-04 10:53:07,938 [WARN] ConditionMgr:1039 - genDependencies : Invalid condition id : UX DEVICE CLASS RTOS Condition cause : null
2024-03-04 10:53:07,939 [WARN] ConditionMgr:1039 - genDependencies : Invalid condition id : UX DEVICE CLASS RTOS Condition cause : null
2024-03-04 10:53:07,950 [WARN] PackLoader:240 - Cannot read IP mode file for STMicroelectronics.X-CUBE-SUBG2.5.0.0
2024-03-04 10:53:07,978 [WARN] PackLoader:240 - Cannot read IP mode file for STMicroelectronics.X-CUBE-AZRTOS-G4.2.0.0
2024-03-04 10:53:08,005 [WARN] PackLoader:240 - Cannot read IP mode file for Infineon.AIROC-Wi-Fi-Bluetooth-STM32.1.5.1
2024-03-04 10:53:08,016 [WARN] PackLoader:240 - Cannot read IP mode file for STMicroelectronics.FP-SNS-MOTENVWB1.1.3.1
2024-03-04 10:53:08,023 [WARN] PackLoader:240 - Cannot read IP mode file for STMicroelectronics.X-CUBE-ISPU.2.0.0
2024-03-04 10:53:08,082 [WARN] PackLoader:240 - Cannot read IP mode file for STMicroelectronics.X-CUBE-MEMS1.10.0.0
2024-03-04 10:53:08,230 [WARN] PackLoader:240 - Cannot read IP mode file for STMicroelectronics.X-CUBE-FREERTOS.1.1.0
2024-03-04 10:53:08,241 [WARN] PackLoader:240 - Cannot read IP mode file for portGmbH.I-Cube-SoM-uGOAL.1.1.0
2024-03-04 10:53:08,247 [WARN] PackLoader:240 - Cannot read IP mode file for STMicroelectronics.X-CUBE-ALS.1.0.1
2024-03-04 10:53:08,255 [WARN] PackLoader:240 - Cannot read IP mode file for STMicroelectronics.FP-ATR-ASTRA1.2.0.0
2024-03-04 10:53:08,268 [WARN] PackLoader:240 - Cannot read IP mode file for STMicroelectronics.X-CUBE-TOF1.3.4.0
2024-03-04 10:53:08,302 [WARN] PackLoader:240 - Cannot read IP mode file for STMicroelectronics.X-CUBE-AZRTOS-H7.3.2.0
2024-03-04 10:53:08,306 [INFO] ThirdParty:978 - Integrity check success = true
2024-03-04 10:53:08,306 [INFO] IntegrityCheckThread:100 - exiting critical section [integrity check]
2024-03-04 10:53:08,306 [INFO] IntegrityCheckThread:103 - End integrity checks thread
2024-03-04 10:53:26,746 [ERROR] LogOutputStream:75 - [STDERR_REDIRECT] SLF4J: Failed to load class "org.slf4j.impl.StaticLoggerBinder".
2024-03-04 10:53:26,747 [ERROR] LogOutputStream:75 - [STDERR_REDIRECT] SLF4J: Defaulting to no-operation (NOP) logger implementation
2024-03-04 10:53:26,749 [ERROR] LogOutputStream:75 - [STDERR_REDIRECT] SLF4J: See http://www.slf4j.org/codes.html#StaticLoggerBinder for further details.
2024-03-04 12:10:16,876 [ERROR] LogOutputStream:75 - [STDERR_REDIRECT] 
