2023-12-24 10:20:30,729 [INFO] Activator:176 - 


2023-12-24 10:20:30,737 [INFO] Activator:177 - !SESSION log4j initialized
2023-12-24 10:20:36,919 [INFO] LogOutputStream:77 - [STDOUT_REDIRECT] 
2023-12-24 10:20:39,235 [INFO] ApplicationProperties:184 - Using Application install path: C:\ST\STM32CubeIDE_1.14.0\STM32CubeIDE\plugins\com.st.stm32cube.common.mx_6.10.0.202311202037
2023-12-24 10:20:39,258 [INFO] DbMcusXml:78 - Set database path to: C:\ST\STM32CubeIDE_1.14.0\STM32CubeIDE\plugins\com.st.stm32cube.common.mx_6.10.0.202311202037\\db\/mcu/
2023-12-24 10:20:39,259 [INFO] ApiDb:274 - Set plugin database path to: C:\ST\STM32CubeIDE_1.14.0\STM32CubeIDE\plugins\com.st.stm32cube.common.mx_6.10.0.202311202037\\db\/plugins/boardmanager/
2023-12-24 10:20:39,259 [WARN] ApiDb:259 - Overriding images path with different value:  => C:\ST\STM32CubeIDE_1.14.0\STM32CubeIDE\plugins\com.st.stm32cube.common.mx_6.10.0.202311202037\\db\/plugins/mcufinder/images/
2023-12-24 10:20:39,272 [INFO] ApiDb:250 - Set database path to: C:\Users\arin\.stmcufinder\plugins\mcufinder//mcu/
2023-12-24 10:20:39,274 [INFO] DbMcusAds:125 - Set database path to: C:\Users\arin\.stmcufinder\plugins\mcufinder//mcu/
2023-12-24 10:20:39,275 [INFO] CrossReferenceDbSqlite:203 - Set database path to: C:\Users\arin\.stmcufinder\plugins\mcufinder//mcu/cs/
2023-12-24 10:20:39,422 [INFO] RulesReader:64 - Compatibility file has been processed (297 Rules)
2023-12-24 10:20:39,532 [INFO] DbMcusXml:78 - Set database path to: C:\ST\STM32CubeIDE_1.14.0\STM32CubeIDE\plugins\com.st.stm32cube.common.mx_6.10.0.202311202037\\db\/mcu/
2023-12-24 10:20:39,532 [INFO] ApiDb:274 - Set plugin database path to: C:\ST\STM32CubeIDE_1.14.0\STM32CubeIDE\plugins\com.st.stm32cube.common.mx_6.10.0.202311202037\\db\/plugins/boardmanager/
2023-12-24 10:20:39,532 [INFO] ApiDb:261 - Set plugin images path to: C:\ST\STM32CubeIDE_1.14.0\STM32CubeIDE\plugins\com.st.stm32cube.common.mx_6.10.0.202311202037\\db\/plugins/mcufinder/images/
2023-12-24 10:20:39,532 [WARN] DbFile:41 - Overriding database path with different value: C:\Users\arin\.stmcufinder\plugins\mcufinder/ => C:\Users\arin\.stmcufinder\plugins\mcufinder
2023-12-24 10:20:39,532 [INFO] ApiDb:250 - Set database path to: C:\Users\arin\.stmcufinder\plugins\mcufinder//mcu/
2023-12-24 10:20:39,532 [WARN] DbFile:41 - Overriding database path with different value: C:\Users\arin\.stmcufinder\plugins\mcufinder/ => C:\Users\arin\.stmcufinder\plugins\mcufinder
2023-12-24 10:20:39,533 [INFO] DbMcusAds:125 - Set database path to: C:\Users\arin\.stmcufinder\plugins\mcufinder//mcu/
2023-12-24 10:20:39,533 [WARN] DbFile:41 - Overriding database path with different value: C:\Users\arin\.stmcufinder\plugins\mcufinder/ => C:\Users\arin\.stmcufinder\plugins\mcufinder
2023-12-24 10:20:39,533 [WARN] DbFile:41 - Overriding database path with different value: C:\Users\arin\.stmcufinder\plugins\mcufinder/ => C:\Users\arin\.stmcufinder\plugins\mcufinder
2023-12-24 10:20:39,533 [INFO] CrossReferenceDbSqlite:203 - Set database path to: C:\Users\arin\.stmcufinder\plugins\mcufinder//mcu/cs/
2023-12-24 10:20:39,653 [INFO] MainPanel:264 - HeapMemory: 268435456
2023-12-24 10:20:39,766 [INFO] DbMcusXml:78 - Set database path to: C:\ST\STM32CubeIDE_1.14.0\STM32CubeIDE\plugins\com.st.stm32cube.common.mx_6.10.0.202311202037\\db\/mcu/
2023-12-24 10:20:39,766 [INFO] ApiDb:274 - Set plugin database path to: C:\ST\STM32CubeIDE_1.14.0\STM32CubeIDE\plugins\com.st.stm32cube.common.mx_6.10.0.202311202037\\db\/plugins/boardmanager/
2023-12-24 10:20:39,767 [INFO] ApiDb:261 - Set plugin images path to: C:\ST\STM32CubeIDE_1.14.0\STM32CubeIDE\plugins\com.st.stm32cube.common.mx_6.10.0.202311202037\\db\/plugins/mcufinder/images/
2023-12-24 10:20:39,767 [WARN] DbFile:41 - Overriding database path with different value: C:\Users\arin\.stmcufinder\plugins\mcufinder/ => C:\Users\arin\.stmcufinder\plugins\mcufinder
2023-12-24 10:20:39,767 [INFO] ApiDb:250 - Set database path to: C:\Users\arin\.stmcufinder\plugins\mcufinder//mcu/
2023-12-24 10:20:39,767 [WARN] DbFile:41 - Overriding database path with different value: C:\Users\arin\.stmcufinder\plugins\mcufinder/ => C:\Users\arin\.stmcufinder\plugins\mcufinder
2023-12-24 10:20:39,767 [INFO] DbMcusAds:125 - Set database path to: C:\Users\arin\.stmcufinder\plugins\mcufinder//mcu/
2023-12-24 10:20:39,767 [WARN] DbFile:41 - Overriding database path with different value: C:\Users\arin\.stmcufinder\plugins\mcufinder/ => C:\Users\arin\.stmcufinder\plugins\mcufinder
2023-12-24 10:20:39,767 [WARN] DbFile:41 - Overriding database path with different value: C:\Users\arin\.stmcufinder\plugins\mcufinder/ => C:\Users\arin\.stmcufinder\plugins\mcufinder
2023-12-24 10:20:39,768 [INFO] CrossReferenceDbSqlite:203 - Set database path to: C:\Users\arin\.stmcufinder\plugins\mcufinder//mcu/cs/
2023-12-24 10:20:39,791 [INFO] ApplicationProperties:184 - Using Application install path: C:\ST\STM32CubeIDE_1.14.0\STM32CubeIDE\plugins\com.st.stm32cube.common.mx_6.10.0.202311202037
2023-12-24 10:20:39,792 [INFO] PluginManage:196 - Search for loadable plugins [exclusion list=, ]
2023-12-24 10:20:39,794 [INFO] PluginManage:310 - Check plugin analytics
2023-12-24 10:20:39,978 [INFO] AnalyticsPlugin:253 - Accepted Software Licenses: 
2023-12-24 10:20:39,978 [INFO] AnalyticsPlugin:255 - Accepted CMSIS Pack Licenses: 
2023-12-24 10:20:39,978 [INFO] AnalyticsPlugin:257 - Accepted Firmware Licenses: FW.F7.1.17.0
2023-12-24 10:20:39,980 [INFO] PluginManage:359 - Loaded plugin analytics (category:tool,tabindex:-1)
2023-12-24 10:20:39,980 [INFO] PluginManage:310 - Check plugin cadmodel
2023-12-24 10:20:39,996 [INFO] CADModel:105 - Init CAD model plugin
2023-12-24 10:20:39,996 [INFO] PluginManage:359 - Loaded plugin cadmodel (category:power,tabindex:5)
2023-12-24 10:20:39,996 [INFO] PluginManage:310 - Check plugin clock
2023-12-24 10:20:40,022 [INFO] PluginManage:359 - Loaded plugin clock (category:base,tabindex:2)
2023-12-24 10:20:40,022 [INFO] PluginManage:310 - Check plugin ddr
2023-12-24 10:20:40,024 [INFO] PluginManage:359 - Loaded plugin ddr (category:tool,tabindex:6)
2023-12-24 10:20:40,024 [INFO] PluginManage:310 - Check plugin filemanager
2023-12-24 10:20:40,160 [INFO] PluginManage:359 - Loaded plugin filemanager (category:base,tabindex:10)
2023-12-24 10:20:40,161 [INFO] PluginManage:310 - Check plugin ipmanager
2023-12-24 10:20:40,168 [INFO] PluginManage:359 - Loaded plugin ipmanager (category:base,tabindex:5)
2023-12-24 10:20:40,169 [INFO] PluginManage:310 - Check plugin lpbam
2023-12-24 10:20:40,188 [INFO] PluginManage:359 - Loaded plugin lpbam (category:base,tabindex:0)
2023-12-24 10:20:40,188 [INFO] PluginManage:310 - Check plugin memorymap
2023-12-24 10:20:40,212 [INFO] PluginManage:359 - Loaded plugin memorymap (category:base,tabindex:4)
2023-12-24 10:20:40,212 [INFO] PluginManage:310 - Check plugin pinoutandconfiguration
2023-12-24 10:20:40,229 [INFO] PluginManage:359 - Loaded plugin pinoutandconfiguration (category:base,tabindex:1)
2023-12-24 10:20:40,229 [INFO] PluginManage:310 - Check plugin pinoutconfig
2023-12-24 10:20:40,321 [WARN] SupportedApi:132 - Cannot load RTOS API schema: s4s-elt-must-match.1: The content of 'definitions' must match (annotation?, (simpleType | complexType)?, (unique | key | keyref)*)). A problem was found starting at: attribute.
2023-12-24 10:20:40,456 [INFO] PluginManage:359 - Loaded plugin pinoutconfig (category:base,tabindex:0)
2023-12-24 10:20:40,456 [INFO] PluginManage:310 - Check plugin power
2023-12-24 10:20:40,482 [INFO] PluginManage:359 - Loaded plugin power (category:power,tabindex:4)
2023-12-24 10:20:40,483 [INFO] PluginManage:310 - Check plugin projectmanager
2023-12-24 10:20:40,505 [INFO] PluginManage:359 - Loaded plugin projectmanager (category:projectmanager,tabindex:3)
2023-12-24 10:20:40,505 [INFO] PluginManage:310 - Check plugin thirdparty
2023-12-24 10:20:40,824 [INFO] PluginManage:359 - Loaded plugin thirdparty (category:base,tabindex:-1)
2023-12-24 10:20:40,825 [WARN] IntegrityCheckThread:84 - waiting for thirdparty lock release [integrity check]
2023-12-24 10:20:40,825 [INFO] PluginManage:310 - Check plugin tools
2023-12-24 10:20:40,825 [INFO] IntegrityCheckThread:86 - entering critical section [integrity check]
2023-12-24 10:20:40,825 [INFO] ThirdPartyUpdaterWithRetryManager:70 - Updater plugin not ready yet. [1/15]
2023-12-24 10:20:40,872 [INFO] PluginManage:359 - Loaded plugin tools (category:base,tabindex:7)
2023-12-24 10:20:40,873 [INFO] PluginManage:310 - Check plugin tutovideos
2023-12-24 10:20:41,104 [INFO] PluginManage:359 - Loaded plugin tutovideos (category:base,tabindex:-1)
2023-12-24 10:20:41,104 [INFO] PluginManage:310 - Check plugin updater
2023-12-24 10:20:41,117 [INFO] PluginManage:359 - Loaded plugin updater (category:base,tabindex:12)
2023-12-24 10:20:41,117 [INFO] PluginManage:310 - Check plugin userauth
2023-12-24 10:20:41,125 [INFO] UserAuth:114 - Init User Auth plugin
2023-12-24 10:20:41,126 [INFO] PluginManage:359 - Loaded plugin userauth (category:base,tabindex:14)
2023-12-24 10:20:41,126 [INFO] PluginManage:283 - PluginManage : Loaded plugins [17]
2023-12-24 10:20:41,487 [INFO] PinOutPanel:1499 - setPackage(No Configuration,No Configuration)
2023-12-24 10:20:41,584 [INFO] CADModel:165 - CPN selected for project level
2023-12-24 10:20:41,584 [INFO] CADModel:114 - Register for checkConnection events
2023-12-24 10:20:41,622 [INFO] IPUIPlugin:80 - create IPUIPlugin
2023-12-24 10:20:41,623 [INFO] PluginManager:220 - loadIPPluginJar : add adc
2023-12-24 10:20:41,669 [INFO] IPUIPlugin:80 - create IPUIPlugin
2023-12-24 10:20:41,670 [INFO] PluginManager:220 - loadIPPluginJar : add aes
2023-12-24 10:20:41,728 [INFO] IPUIPlugin:80 - create IPUIPlugin
2023-12-24 10:20:41,728 [INFO] PluginManager:220 - loadIPPluginJar : add can
2023-12-24 10:20:41,773 [INFO] IPUIPlugin:80 - create IPUIPlugin
2023-12-24 10:20:41,774 [INFO] PluginManager:220 - loadIPPluginJar : add comp
2023-12-24 10:20:41,863 [INFO] IPUIPlugin:80 - create IPUIPlugin
2023-12-24 10:20:41,865 [INFO] PluginManager:220 - loadIPPluginJar : add cryp
2023-12-24 10:20:41,935 [INFO] IPUIPlugin:80 - create IPUIPlugin
2023-12-24 10:20:41,935 [INFO] PluginManager:220 - loadIPPluginJar : add dfsdm
2023-12-24 10:20:41,955 [INFO] IPUIPlugin:80 - create IPUIPlugin
2023-12-24 10:20:41,955 [INFO] PluginManager:220 - loadIPPluginJar : add dma
2023-12-24 10:20:42,011 [INFO] IPUIPlugin:80 - create IPUIPlugin
2023-12-24 10:20:42,011 [INFO] PluginManager:220 - loadIPPluginJar : add dma3
2023-12-24 10:20:42,037 [INFO] IPUIPlugin:80 - create IPUIPlugin
2023-12-24 10:20:42,037 [INFO] PluginManager:220 - loadIPPluginJar : add fatfs
2023-12-24 10:20:42,141 [INFO] IPUIPlugin:80 - create IPUIPlugin
2023-12-24 10:20:42,141 [INFO] PluginManager:220 - loadIPPluginJar : add fmc
2023-12-24 10:20:42,183 [INFO] IPUIPlugin:80 - create IPUIPlugin
2023-12-24 10:20:42,184 [INFO] PluginManager:220 - loadIPPluginJar : add freertos
2023-12-24 10:20:42,223 [INFO] IPUIPlugin:80 - create IPUIPlugin
2023-12-24 10:20:42,223 [INFO] PluginManager:220 - loadIPPluginJar : add genericplugin
2023-12-24 10:20:42,343 [INFO] IPUIPlugin:80 - create IPUIPlugin
2023-12-24 10:20:42,344 [INFO] PluginManager:220 - loadIPPluginJar : add gfxmmu
2023-12-24 10:20:42,493 [INFO] IPUIPlugin:80 - create IPUIPlugin
2023-12-24 10:20:42,493 [INFO] PluginManager:220 - loadIPPluginJar : add gic
2023-12-24 10:20:42,508 [INFO] IPUIPlugin:80 - create IPUIPlugin
2023-12-24 10:20:42,508 [INFO] PluginManager:220 - loadIPPluginJar : add gpio
2023-12-24 10:20:42,619 [INFO] IPUIPlugin:80 - create IPUIPlugin
2023-12-24 10:20:42,619 [INFO] PluginManager:220 - loadIPPluginJar : add gtzc
2023-12-24 10:20:42,665 [INFO] IPUIPlugin:80 - create IPUIPlugin
2023-12-24 10:20:42,666 [INFO] PluginManager:220 - loadIPPluginJar : add hash
2023-12-24 10:20:42,739 [INFO] IPUIPlugin:80 - create IPUIPlugin
2023-12-24 10:20:42,739 [INFO] PluginManager:220 - loadIPPluginJar : add i2c
2023-12-24 10:20:42,783 [INFO] IPUIPlugin:80 - create IPUIPlugin
2023-12-24 10:20:42,783 [INFO] PluginManager:220 - loadIPPluginJar : add i2s
2023-12-24 10:20:42,832 [INFO] IPUIPlugin:80 - create IPUIPlugin
2023-12-24 10:20:42,832 [INFO] PluginManager:220 - loadIPPluginJar : add i3c
2023-12-24 10:20:42,933 [INFO] IPUIPlugin:80 - create IPUIPlugin
2023-12-24 10:20:42,933 [INFO] PluginManager:220 - loadIPPluginJar : add ipddr
2023-12-24 10:20:43,029 [INFO] IPUIPlugin:80 - create IPUIPlugin
2023-12-24 10:20:43,029 [INFO] PluginManager:220 - loadIPPluginJar : add linkedlist
2023-12-24 10:20:43,075 [INFO] IPUIPlugin:80 - create IPUIPlugin
2023-12-24 10:20:43,075 [INFO] PluginManager:220 - loadIPPluginJar : add lorawan
2023-12-24 10:20:43,116 [INFO] IPUIPlugin:80 - create IPUIPlugin
2023-12-24 10:20:43,117 [INFO] PluginManager:220 - loadIPPluginJar : add ltdc
2023-12-24 10:20:43,135 [INFO] IPUIPlugin:80 - create IPUIPlugin
2023-12-24 10:20:43,135 [INFO] PluginManager:220 - loadIPPluginJar : add mdma
2023-12-24 10:20:43,151 [INFO] IPUIPlugin:80 - create IPUIPlugin
2023-12-24 10:20:43,151 [INFO] PluginManager:220 - loadIPPluginJar : add nvic
2023-12-24 10:20:43,198 [INFO] IPUIPlugin:80 - create IPUIPlugin
2023-12-24 10:20:43,198 [INFO] PluginManager:220 - loadIPPluginJar : add opamp
2023-12-24 10:20:43,258 [INFO] IPUIPlugin:80 - create IPUIPlugin
2023-12-24 10:20:43,258 [INFO] PluginManager:220 - loadIPPluginJar : add openamp
2023-12-24 10:20:43,302 [INFO] IPUIPlugin:80 - create IPUIPlugin
2023-12-24 10:20:43,303 [INFO] PluginManager:220 - loadIPPluginJar : add pdm2pcm
2023-12-24 10:20:43,320 [INFO] IPUIPlugin:80 - create IPUIPlugin
2023-12-24 10:20:43,322 [INFO] PluginManager:220 - loadIPPluginJar : add plateformsettings
2023-12-24 10:20:43,347 [INFO] IPUIPlugin:80 - create IPUIPlugin
2023-12-24 10:20:43,347 [INFO] PluginManager:220 - loadIPPluginJar : add quadspi
2023-12-24 10:20:43,362 [INFO] IPUIPlugin:80 - create IPUIPlugin
2023-12-24 10:20:43,362 [INFO] PluginManager:220 - loadIPPluginJar : add resmgrutility
2023-12-24 10:20:43,422 [INFO] IPUIPlugin:80 - create IPUIPlugin
2023-12-24 10:20:43,422 [INFO] PluginManager:220 - loadIPPluginJar : add sai
2023-12-24 10:20:43,472 [INFO] IPUIPlugin:80 - create IPUIPlugin
2023-12-24 10:20:43,472 [INFO] PluginManager:220 - loadIPPluginJar : add spi
2023-12-24 10:20:43,550 [INFO] IPUIPlugin:80 - create IPUIPlugin
2023-12-24 10:20:43,550 [INFO] PluginManager:220 - loadIPPluginJar : add stm32_wpan
2023-12-24 10:20:43,578 [INFO] IPUIPlugin:80 - create IPUIPlugin
2023-12-24 10:20:43,578 [INFO] PluginManager:220 - loadIPPluginJar : add tim
2023-12-24 10:20:43,635 [INFO] IPUIPlugin:80 - create IPUIPlugin
2023-12-24 10:20:43,635 [INFO] PluginManager:220 - loadIPPluginJar : add touchsensing
2023-12-24 10:20:43,662 [INFO] IPUIPlugin:80 - create IPUIPlugin
2023-12-24 10:20:43,663 [INFO] PluginManager:220 - loadIPPluginJar : add tracer_emb
2023-12-24 10:20:43,695 [INFO] IPUIPlugin:80 - create IPUIPlugin
2023-12-24 10:20:43,695 [INFO] PluginManager:220 - loadIPPluginJar : add ts
2023-12-24 10:20:43,719 [INFO] IPUIPlugin:80 - create IPUIPlugin
2023-12-24 10:20:43,720 [INFO] PluginManager:220 - loadIPPluginJar : add tsc
2023-12-24 10:20:43,743 [INFO] IPUIPlugin:80 - create IPUIPlugin
2023-12-24 10:20:43,743 [INFO] PluginManager:220 - loadIPPluginJar : add ucpd
2023-12-24 10:20:43,796 [INFO] IPUIPlugin:80 - create IPUIPlugin
2023-12-24 10:20:43,797 [INFO] PluginManager:220 - loadIPPluginJar : add usart
2023-12-24 10:20:43,826 [INFO] ThirdPartyUpdaterWithRetryManager:70 - Updater plugin not ready yet. [2/15]
2023-12-24 10:20:43,848 [INFO] IPUIPlugin:80 - create IPUIPlugin
2023-12-24 10:20:43,848 [INFO] PluginManager:220 - loadIPPluginJar : add usbx
2023-12-24 10:20:43,980 [INFO] CADModel:165 - CPN selected for project level
2023-12-24 10:20:43,980 [INFO] CADModel:114 - Register for checkConnection events
2023-12-24 10:20:43,981 [FATAL] Updater:308 - Updater called before beeing initialized
2023-12-24 10:20:43,981 [ERROR] CADModel:125 - Updater not yet initialized, retry later 
2023-12-24 10:20:44,131 [INFO] CADModel:165 - CPN selected for project level
2023-12-24 10:20:44,131 [INFO] CADModel:114 - Register for checkConnection events
2023-12-24 10:20:44,131 [FATAL] Updater:308 - Updater called before beeing initialized
2023-12-24 10:20:44,131 [ERROR] CADModel:125 - Updater not yet initialized, retry later 
2023-12-24 10:20:44,135 [FATAL] Updater:308 - Updater called before beeing initialized
2023-12-24 10:20:44,303 [FATAL] Updater:308 - Updater called before beeing initialized
2023-12-24 10:20:44,315 [INFO] DbMcusAds:53 - JSON generation date=Wed Nov 29 17:52:27 ICT 2023 (1701255147349)
2023-12-24 10:20:44,316 [FATAL] Updater:308 - Updater called before beeing initialized
2023-12-24 10:20:44,408 [WARN] DetailPanel:346 - Failed to get advertising image, set to default
2023-12-24 10:20:44,518 [FATAL] Updater:308 - Updater called before beeing initialized
2023-12-24 10:20:44,520 [FATAL] Updater:308 - Updater called before beeing initialized
2023-12-24 10:20:44,521 [FATAL] Updater:308 - Updater called before beeing initialized
2023-12-24 10:20:44,521 [WARN] DetailPanel:346 - Failed to get advertising image, set to default
2023-12-24 10:20:44,522 [FATAL] Updater:308 - Updater called before beeing initialized
2023-12-24 10:20:44,582 [ERROR] Updater:1120 - MainUpdater not yet initialized. External WinMGr cannot be set.
2023-12-24 10:20:44,597 [INFO] Updater:1056 - Updater Version found : 6.10.0
2023-12-24 10:20:44,620 [INFO] ApplicationProperties:184 - Using Application install path: C:\ST\STM32CubeIDE_1.14.0\STM32CubeIDE\plugins\com.st.stm32cube.common.mx_6.10.0.202311202037
2023-12-24 10:20:44,963 [INFO] MainUpdater:2873 - connection check result : 10
2023-12-24 10:20:44,964 [INFO] MainUpdater:3567 - Updater definition file requires update
2023-12-24 10:20:44,965 [INFO] MainUpdater:290 - Updater Check For Update Now.
2023-12-24 10:20:44,965 [INFO] MicroXplorer:498 - Change Database Version : DB.6.0.100
2023-12-24 10:20:44,984 [INFO] McuFinderGlobals:63 - Set McuFinder mode to 2 (CubeIDE integrated)
2023-12-24 10:20:45,451 [INFO] UserAuth:404 - Internet connection configuration mode: 1
2023-12-24 10:20:45,477 [INFO] JxBrowserEngine:152 - Initiate JxBrowser Engine with user profile folder
2023-12-24 10:20:46,785 [INFO] ServerAccessManage:473 - Download File updaters.zip
2023-12-24 10:20:46,836 [WARN] MainUpdater:1194 - Updater busy. Cannot search thirdparties
2023-12-24 10:20:46,837 [INFO] ThirdPartyUpdaterWithRetryManager:96 - Updater plugin is busy. [1/15]
2023-12-24 10:20:46,866 [INFO] FileExtend:240 - Unzip File : updaters.zip
2023-12-24 10:20:46,866 [INFO] FileExtend:255 - Standard Zip Deflate
2023-12-24 10:20:48,468 [INFO] ServerAccessManage:473 - Download File PacksControlFlags.xml
2023-12-24 10:20:49,191 [INFO] WebApp:161 - Instantiating new browser for Auth
2023-12-24 10:20:49,460 [INFO] ServerAccessManage:473 - Download File cubemx.pidx
2023-12-24 10:20:49,607 [INFO] LoadServerUpdatesThread:375 - End of LoadServerUpdate Thread
2023-12-24 10:20:49,836 [INFO] CheckServerUpdateThread:120 - End of CheckServer Thread
2023-12-24 10:20:50,101 [WARN] PackLoader:240 - Cannot read IP mode file for STMicroelectronics.X-CUBE-SMBUS.2.1.0
2023-12-24 10:20:50,126 [WARN] PackLoader:240 - Cannot read IP mode file for STMicroelectronics.X-CUBE-TOUCHGFX.4.23.0
2023-12-24 10:20:50,141 [INFO] WebApp:780 - Register for checkConnection events
2023-12-24 10:20:50,142 [INFO] WebApp:414 - Apply proxy settings
2023-12-24 10:20:50,142 [INFO] WebApp:499 - Chromium requires no authentication
2023-12-24 10:20:50,158 [INFO] WebApp:442 - Direct internet connection detected
2023-12-24 10:20:50,185 [WARN] PackLoader:240 - Cannot read IP mode file for STMicroelectronics.X-CUBE-AZRTOS-F7.1.1.0
2023-12-24 10:20:50,217 [WARN] PackLoader:240 - Cannot read IP mode file for STMicroelectronics.FP-SNS-MOTENV1.4.3.2
2023-12-24 10:20:50,242 [WARN] PackLoader:240 - Cannot read IP mode file for STMicroelectronics.FP-SNS-FLIGHT1.5.0.2
2023-12-24 10:20:50,273 [WARN] PackLoader:240 - Cannot read IP mode file for STMicroelectronics.X-CUBE-DISPLAY.3.0.0
2023-12-24 10:20:50,304 [WARN] PackLoader:240 - Cannot read IP mode file for STMicroelectronics.X-CUBE-BLE1.7.0.0
2023-12-24 10:20:50,330 [WARN] PackLoader:240 - Cannot read IP mode file for emotas.I-CUBE-CANOPEN.1.3.0
2023-12-24 10:20:50,350 [WARN] PackLoader:240 - Cannot read IP mode file for STMicroelectronics.X-CUBE-TOUCHGFX.4.22.1
2023-12-24 10:20:50,377 [WARN] PackLoader:240 - Cannot read IP mode file for STMicroelectronics.FP-SNS-SMARTAG2.1.2.0
2023-12-24 10:20:50,411 [INFO] LogOutputStream:77 - [STDOUT_REDIRECT] 1 : Invalid condition id : UX_CORESTACK_Condition cause : null
2023-12-24 10:20:50,412 [INFO] LogOutputStream:77 - [STDOUT_REDIRECT] 1 : Invalid condition id : UX_CORESTACK_Condition cause : null
2023-12-24 10:20:50,413 [INFO] LogOutputStream:77 - [STDOUT_REDIRECT] 1 : Invalid condition id : UX_CORESTACK_Condition cause : null
2023-12-24 10:20:50,414 [INFO] LogOutputStream:77 - [STDOUT_REDIRECT] 1 : Invalid condition id : UX_CORESTACK_Condition cause : null
2023-12-24 10:20:50,416 [INFO] LogOutputStream:77 - [STDOUT_REDIRECT] 1 : Invalid condition id : UX_CORESTACK_Condition cause : null
2023-12-24 10:20:50,422 [WARN] PackLoader:240 - Cannot read IP mode file for STMicroelectronics.X-CUBE-AZRTOS-WL.2.0.0
2023-12-24 10:20:50,449 [WARN] PackLoader:240 - Cannot read IP mode file for WES.I-CUBE-Cesium.1.3.0
2023-12-24 10:20:50,470 [WARN] PackLoader:240 - Cannot read IP mode file for STMicroelectronics.X-CUBE-BLE2.3.3.0
2023-12-24 10:20:50,490 [WARN] PackLoader:240 - Cannot read IP mode file for STMicroelectronics.X-CUBE-ALGOBUILD.1.3.0
2023-12-24 10:20:50,524 [INFO] WebApp:192 - Starting web application
2023-12-24 10:20:50,525 [INFO] WebApp:544 - Web application path used C:\ST\STM32CubeIDE_1.14.0\STM32CubeIDE\plugins\com.st.stm32cube.common.mx_6.10.0.202311202037\db\plugins\mcufinder\reactClient1\index.html
2023-12-24 10:20:50,532 [WARN] PackLoader:240 - Cannot read IP mode file for STMicroelectronics.X-CUBE-AZRTOS-G0.1.1.0
2023-12-24 10:20:50,559 [WARN] PackLoader:240 - Cannot read IP mode file for STMicroelectronics.X-CUBE-NFC4.3.0.0
2023-12-24 10:20:50,588 [WARN] PackLoader:240 - Cannot read IP mode file for STMicroelectronics.X-CUBE-BLEMGR.3.0.0
2023-12-24 10:20:50,611 [WARN] PackLoader:240 - Cannot read IP mode file for STMicroelectronics.FP-ATR-SIGFOX1.3.2.0
2023-12-24 10:20:50,633 [WARN] PackLoader:240 - Cannot read IP mode file for STMicroelectronics.X-CUBE-GNSS1.6.0.0
2023-12-24 10:20:50,685 [WARN] PackLoader:240 - Cannot read IP mode file for STMicroelectronics.X-CUBE-AZRTOS-F4.1.1.0
2023-12-24 10:20:50,714 [WARN] PackLoader:240 - Cannot read IP mode file for wolfSSL.I-CUBE-wolfSSL.5.6.4
2023-12-24 10:20:50,771 [WARN] PackLoader:240 - Cannot read IP mode file for STMicroelectronics.X-CUBE-AZRTOS-L5.2.0.0
2023-12-24 10:20:50,798 [WARN] PackLoader:240 - Cannot read IP mode file for STMicroelectronics.X-CUBE-EEPRMA1.4.2.0
2023-12-24 10:20:50,826 [WARN] PackLoader:240 - Cannot read IP mode file for ITTIA_DB.I-CUBE-ITTIADB.8.8.0
2023-12-24 10:20:50,878 [WARN] ConditionMgr:438 - getConditionDescription Invalid condition id : UX DEVICE CLASS RTOS Condition cause : null
2023-12-24 10:20:50,879 [WARN] ConditionMgr:438 - getConditionDescription Invalid condition id : UX DEVICE CLASS RTOS Condition cause : null
2023-12-24 10:20:50,883 [WARN] PackLoader:240 - Cannot read IP mode file for STMicroelectronics.X-CUBE-AZRTOS-H7.3.1.0
2023-12-24 10:20:50,885 [WARN] ConditionMgr:1039 - genDependencies : Invalid condition id : UX DEVICE CLASS RTOS Condition cause : null
2023-12-24 10:20:50,885 [WARN] ConditionMgr:1039 - genDependencies : Invalid condition id : UX DEVICE CLASS RTOS Condition cause : null
2023-12-24 10:20:50,886 [WARN] ConditionMgr:1039 - genDependencies : Invalid condition id : UX DEVICE CLASS RTOS Condition cause : null
2023-12-24 10:20:50,886 [WARN] ConditionMgr:1039 - genDependencies : Invalid condition id : UX DEVICE CLASS RTOS Condition cause : null
2023-12-24 10:20:50,886 [WARN] ConditionMgr:1039 - genDependencies : Invalid condition id : UX DEVICE CLASS RTOS Condition cause : null
2023-12-24 10:20:50,910 [WARN] PackLoader:240 - Cannot read IP mode file for STMicroelectronics.X-CUBE-NFC7.1.0.1
2023-12-24 10:20:50,938 [WARN] PackLoader:240 - Cannot read IP mode file for STMicroelectronics.X-CUBE-NFC6.3.0.0
2023-12-24 10:20:50,960 [WARN] PackLoader:240 - Cannot read IP mode file for STMicroelectronics.X-CUBE-AI.8.1.0
2023-12-24 10:20:51,008 [WARN] ConditionMgr:438 - getConditionDescription Invalid condition id : LAN8742 Phy interface Condition cause : null
2023-12-24 10:20:51,009 [WARN] PackLoader:240 - Cannot read IP mode file for STMicroelectronics.X-CUBE-AZRTOS-L4.2.0.0
2023-12-24 10:20:51,011 [WARN] ConditionMgr:1039 - genDependencies : Invalid condition id : LAN8742 Phy interface Condition cause : null
2023-12-24 10:20:51,012 [WARN] ConditionMgr:1039 - genDependencies : Invalid condition id : LAN8742 Phy interface Condition cause : null
2023-12-24 10:20:51,012 [WARN] ConditionMgr:1039 - genDependencies : Invalid condition id : LAN8742 Phy interface Condition cause : null
2023-12-24 10:20:51,039 [WARN] PackLoader:240 - Cannot read IP mode file for STMicroelectronics.X-CUBE-SFXS2LP1.4.0.0
2023-12-24 10:20:51,066 [WARN] PackLoader:240 - Cannot read IP mode file for STMicroelectronics.X-CUBE-ISPU.1.1.0
2023-12-24 10:20:51,108 [WARN] ConditionMgr:438 - getConditionDescription Invalid condition id : UX DEVICE CLASS RTOS Condition cause : null
2023-12-24 10:20:51,108 [WARN] ConditionMgr:438 - getConditionDescription Invalid condition id : UX DEVICE CLASS RTOS Condition cause : null
2023-12-24 10:20:51,111 [WARN] PackLoader:240 - Cannot read IP mode file for STMicroelectronics.X-CUBE-AZRTOS-WB.2.0.0
2023-12-24 10:20:51,112 [WARN] ConditionMgr:1039 - genDependencies : Invalid condition id : UX DEVICE CLASS RTOS Condition cause : null
2023-12-24 10:20:51,112 [WARN] ConditionMgr:1039 - genDependencies : Invalid condition id : UX DEVICE CLASS RTOS Condition cause : null
2023-12-24 10:20:51,113 [WARN] ConditionMgr:1039 - genDependencies : Invalid condition id : UX DEVICE CLASS RTOS Condition cause : null
2023-12-24 10:20:51,114 [WARN] ConditionMgr:1039 - genDependencies : Invalid condition id : UX DEVICE CLASS RTOS Condition cause : null
2023-12-24 10:20:51,114 [WARN] ConditionMgr:1039 - genDependencies : Invalid condition id : UX DEVICE CLASS RTOS Condition cause : null
2023-12-24 10:20:51,159 [WARN] PackLoader:240 - Cannot read IP mode file for STMicroelectronics.X-CUBE-SUBG2.5.0.0
2023-12-24 10:20:51,211 [WARN] PackLoader:240 - Cannot read IP mode file for STMicroelectronics.X-CUBE-AZRTOS-G4.2.0.0
2023-12-24 10:20:51,255 [WARN] PackLoader:240 - Cannot read IP mode file for Infineon.AIROC-Wi-Fi-Bluetooth-STM32.1.5.1
2023-12-24 10:20:51,298 [WARN] PackLoader:240 - Cannot read IP mode file for STMicroelectronics.FP-SNS-MOTENVWB1.1.3.1
2023-12-24 10:20:51,319 [WARN] PackLoader:240 - Cannot read IP mode file for STMicroelectronics.X-CUBE-ISPU.2.0.0
2023-12-24 10:20:51,396 [WARN] PackLoader:240 - Cannot read IP mode file for STMicroelectronics.X-CUBE-MEMS1.10.0.0
2023-12-24 10:20:51,593 [WARN] PackLoader:240 - Cannot read IP mode file for STMicroelectronics.X-CUBE-FREERTOS.1.1.0
2023-12-24 10:20:51,616 [WARN] PackLoader:240 - Cannot read IP mode file for portGmbH.I-Cube-SoM-uGOAL.1.1.0
2023-12-24 10:20:51,644 [WARN] PackLoader:240 - Cannot read IP mode file for STMicroelectronics.X-CUBE-ALS.1.0.1
2023-12-24 10:20:51,665 [WARN] PackLoader:240 - Cannot read IP mode file for STMicroelectronics.FP-ATR-ASTRA1.2.0.0
2023-12-24 10:20:51,695 [WARN] PackLoader:240 - Cannot read IP mode file for STMicroelectronics.X-CUBE-TOF1.3.4.0
2023-12-24 10:20:51,750 [WARN] PackLoader:240 - Cannot read IP mode file for STMicroelectronics.X-CUBE-AZRTOS-H7.3.2.0
2023-12-24 10:20:51,754 [INFO] ThirdParty:978 - Integrity check success = true
2023-12-24 10:20:51,755 [INFO] IntegrityCheckThread:100 - exiting critical section [integrity check]
2023-12-24 10:20:51,755 [INFO] IntegrityCheckThread:103 - End integrity checks thread
2023-12-24 10:21:11,531 [ERROR] LogOutputStream:75 - [STDERR_REDIRECT] SLF4J: Failed to load class "org.slf4j.impl.StaticLoggerBinder".
2023-12-24 10:21:11,531 [ERROR] LogOutputStream:75 - [STDERR_REDIRECT] SLF4J: Defaulting to no-operation (NOP) logger implementation
2023-12-24 10:21:11,533 [ERROR] LogOutputStream:75 - [STDERR_REDIRECT] SLF4J: See http://www.slf4j.org/codes.html#StaticLoggerBinder for further details.
2023-12-24 10:22:23,853 [INFO] McuFinderGlobals:63 - Set McuFinder mode to 2 (CubeIDE integrated)
2023-12-24 10:22:23,879 [INFO] MainUpdater:2873 - connection check result : 10
2023-12-24 10:22:23,886 [INFO] MainUpdater:2873 - connection check result : 10
2023-12-24 10:22:24,091 [INFO] MicroXplorer:468 - Change Database Path : 
2023-12-24 10:22:24,092 [INFO] MicroXplorer:498 - Change Database Version : DB.6.0.100
2023-12-24 10:22:24,097 [WARN] ThirdParty:871 - waiting for thirdparty lock release [close project]
2023-12-24 10:22:24,097 [INFO] ThirdParty:873 - entering critical section [close project]
2023-12-24 10:22:24,097 [INFO] ThirdParty:883 - exiting critical section [close project]
2023-12-24 10:22:24,099 [INFO] PinOutPanel:1499 - setPackage(No Configuration,No Configuration)
2023-12-24 10:22:24,103 [INFO] UtilMem:75 - Begin LoadConfig() Used Memory: 477007920 Bytes (780140544)
2023-12-24 10:22:24,104 [INFO] MicroXplorer:468 - Change Database Path : 
2023-12-24 10:22:24,104 [INFO] MicroXplorer:498 - Change Database Version : DB.6.0.100
2023-12-24 10:22:24,104 [INFO] OpenFileManager:312 - Change cursor
2023-12-24 10:22:24,139 [INFO] Mcu:2016 - Initializing MCU STM32F767ZITx STM32F767ZITx STM32F767ZIT6
2023-12-24 10:22:27,012 [INFO] Context:659 - Trying to add GPIOservice into a context  which must be forbidden
2023-12-24 10:22:27,649 [INFO] RtosManager:555 - Registered RTOS mode: class=CMSIS, group=RTOS, mode=CMSIS_V1, owner=FREERTOS
2023-12-24 10:22:27,649 [INFO] RtosManager:555 - Registered RTOS mode: class=CMSIS, group=RTOS2, mode=CMSIS_V2, owner=FREERTOS
2023-12-24 10:22:27,649 [INFO] RtosManager:555 - Registered RTOS mode: class=RTOS, group=Core, mode=CMSIS_V1, owner=FREERTOS
2023-12-24 10:22:27,650 [INFO] RtosManager:555 - Registered RTOS mode: class=RTOS, group=Core, mode=CMSIS_V2, owner=FREERTOS
2023-12-24 10:22:27,650 [WARN] ModelIntegratedComponent:184 - Missing modes for component STMicroelectronics:FreeRTOS:0.0.1:STMicroelectronics:RTOS:FreeRTOS:Core:::10.2.0:
2023-12-24 10:22:27,664 [WARN] ModelIntegratedComponent:63 - No mode defined for component null
2023-12-24 10:22:27,664 [WARN] ModelIntegratedComponent:63 - No mode defined for component null
2023-12-24 10:22:27,664 [WARN] ModelIntegratedComponent:63 - No mode defined for component null
2023-12-24 10:22:27,664 [WARN] ModelIntegratedComponent:63 - No mode defined for component null
2023-12-24 10:22:27,664 [WARN] ModelIntegratedComponent:63 - No mode defined for component null
2023-12-24 10:22:27,664 [WARN] ModelIntegratedComponent:63 - No mode defined for component null
2023-12-24 10:22:27,664 [WARN] ModelIntegratedComponent:63 - No mode defined for component null
2023-12-24 10:22:27,664 [WARN] ModelIntegratedComponent:63 - No mode defined for component null
2023-12-24 10:22:27,664 [WARN] ModelIntegratedComponent:63 - No mode defined for component null
2023-12-24 10:22:27,665 [WARN] ModelIntegratedComponent:63 - No mode defined for component null
2023-12-24 10:22:27,665 [WARN] ModelIntegratedComponent:63 - No mode defined for component null
2023-12-24 10:22:27,665 [WARN] ModelIntegratedComponent:63 - No mode defined for component null
2023-12-24 10:22:27,665 [WARN] ModelIntegratedComponent:63 - No mode defined for component null
2023-12-24 10:22:27,665 [WARN] ModelIntegratedComponent:63 - No mode defined for component null
2023-12-24 10:22:27,665 [WARN] ModelIntegratedComponent:63 - No mode defined for component null
2023-12-24 10:22:27,665 [WARN] ModelIntegratedComponent:63 - No mode defined for component null
2023-12-24 10:22:27,665 [WARN] ModelIntegratedComponent:63 - No mode defined for component null
2023-12-24 10:22:27,665 [WARN] ModelIntegratedComponent:63 - No mode defined for component null
2023-12-24 10:22:27,665 [WARN] ModelIntegratedComponent:63 - No mode defined for component null
2023-12-24 10:22:27,665 [WARN] ModelIntegratedComponent:63 - No mode defined for component null
2023-12-24 10:22:27,665 [WARN] ModelIntegratedComponent:63 - No mode defined for component null
2023-12-24 10:22:27,666 [WARN] ModelIntegratedComponent:63 - No mode defined for component null
2023-12-24 10:22:27,666 [WARN] ModelIntegratedComponent:63 - No mode defined for component null
2023-12-24 10:22:27,666 [WARN] ModelIntegratedComponent:63 - No mode defined for component null
2023-12-24 10:22:27,666 [WARN] ModelIntegratedComponent:63 - No mode defined for component null
2023-12-24 10:22:27,666 [WARN] ModelIntegratedComponent:63 - No mode defined for component null
2023-12-24 10:22:27,666 [WARN] ModelIntegratedComponent:63 - No mode defined for component null
2023-12-24 10:22:27,666 [WARN] ModelIntegratedComponent:63 - No mode defined for component null
2023-12-24 10:22:27,666 [WARN] ModelIntegratedComponent:63 - No mode defined for component null
2023-12-24 10:22:27,666 [WARN] ModelIntegratedComponent:63 - No mode defined for component null
2023-12-24 10:22:27,666 [WARN] ModelIntegratedComponent:63 - No mode defined for component null
2023-12-24 10:22:27,666 [WARN] ModelIntegratedComponent:63 - No mode defined for component null
2023-12-24 10:22:27,666 [WARN] ModelIntegratedComponent:63 - No mode defined for component null
2023-12-24 10:22:27,765 [INFO] ThirdPartyModel:298 - Start build external matchings
2023-12-24 10:22:27,940 [INFO] ThirdPartyModel:316 - End build external matchings
2023-12-24 10:22:28,351 [INFO] UtilMem:75 - End LoadConfig() Used Memory: 510472448 Bytes (1073741824)
2023-12-24 10:22:28,643 [INFO] ApiDb:581 - Connected to CubeFinder SQLite database (C:\Users\arin\.stmcufinder\plugins\mcufinder\mcu\cube-finder-db.db)
2023-12-24 10:22:28,717 [INFO] ApiDb:668 - CubeFinder database Data Model version=2.1
2023-12-24 10:22:28,718 [INFO] ApiDb:669 - CubeFinder database Configuration version=3.0.39
2023-12-24 10:22:28,718 [INFO] ApiDb:670 - CubeFinder database generation date=2023-11-06 (1699269565)
2023-12-24 10:22:28,718 [INFO] ApiDb:671 - CubeFinder database FW Pack versions=[FP-ATR-ASTRA1_V2.0.0, FP-SNS-FLIGHT1_V5.0.1, FP-SNS-FLIGHT1_V5.0.2, FP-SNS-MOTENV1_V4.3.1, FP-SNS-MOTENV1_V4.3.2, FP-SNS-MOTENVWB1_V1.3.0, FP-SNS-SMARTAG2_V1.2.0, STM32Cube_FW_C0_V1.1.0, STM32Cube_FW_F4_V1.28.0, STM32Cube_FW_F7_V1.17.0, STM32Cube_FW_G0_V1.6.1, STM32Cube_FW_G4_V1.5.1, STM32Cube_FW_H5_V0.5.1, STM32Cube_FW_H5_V1.1.1, STM32Cube_FW_H5_V1.2.0RC2, STM32Cube_FW_H7_V1.11.0, STM32Cube_FW_L0_V1.12.2, STM32Cube_FW_L5_V1.5.0, STM32Cube_FW_U5_V1.3.0RC4, STM32Cube_FW_U5_V1.4.0, STM32Cube_FW_WBA_V1.0.0RC1, STM32Cube_FW_WBA_V1.1.0RC1, STM32Cube_FW_WBA_V1.2.0, STM32Cube_FW_WBA_V1.2.0RC2, STM32Cube_FW_WB_V1.15.0RC1, STM32Cube_FW_WB_V1.16.0, STM32Cube_FW_WB_V1.16.0RC2, STM32Cube_FW_WB_V1.18.0, STM32Cube_FW_WL_V1.3.0, X-CUBE-ALGOBUILD_V1.3.0, X-CUBE-ALS_V1.0.1, X-CUBE-AZRTOS-F4_V1.1.0, X-CUBE-AZRTOS-F7_V1.1.0, X-CUBE-AZRTOS-G0_V1.1.0, X-CUBE-AZRTOS-G4_V2.0.0, X-CUBE-AZRTOS-H7_V3.1.0, X-CUBE-AZRTOS-L4_V1.0.0, X-CUBE-AZRTOS-L4_V2.0.0, X-CUBE-AZRTOS-L5_V1.1.0, X-CUBE-AZRTOS-WB_V2.0.0, X-CUBE-AZRTOS-WL_V2.0.0, X-CUBE-BLE1_V7.0.0, X-CUBE-BLE2_V3.3.0, X-CUBE-BLEMGR_V2.0.0, X-CUBE-EEPRMA1_V4.1.0, X-CUBE-EEPRMA1_V4.2.0, X-CUBE-FREERTOS_V1.1.0, X-CUBE-GNSS1_V6.0.0, X-CUBE-MEMS1_V10.0.0, X-CUBE-MEMS1_V9.1.0, X-CUBE-MEMS1_V9.4.0, X-CUBE-MEMS1_V9.6.0, X-CUBE-NFC4_V3.0.0, X-CUBE-NFC7_V1.0.1, X-CUBE-SFXS2LP1_V4.0.0, X-CUBE-SUBG2_V5.0.0, X-CUBE-TOF1_V3.3.1]
2023-12-24 10:22:30,870 [INFO] ApiDb:240 - Found 371 in-development CPN: [B-G473E-ZEST1S, B-WB1M-WPAN1, B-WL5M-SUBG1, NUCLEO-C031C6, NUCLEO-H503RB, NUCLEO-H563ZI, NUCLEO-U545RE-Q, NUCLEO-U5A5ZJ-Q, NUCLEO-WBA52CG, NUCLEO-WBA55CG, STEVAL-MKBOXPRO, STEVAL-PROTEUS1, STEVAL-STWINBX1, STM320518-EVAL, STM32C0116-DK, STM32C011D6Y3TR, STM32C011D6Y6TR, STM32C011F4P3, STM32C011F4P6, STM32C011F4U3, STM32C011F4U6TR, STM32C011F6P3, STM32C011F6P6, STM32C011F6U3, STM32C011F6U6TR, STM32C011J4M3, STM32C011J4M6, STM32C011J6M3, STM32C011J6M6, STM32C0316-DK, STM32C031C4T3, STM32C031C4T6, STM32C031C4U3, STM32C031C4U6, STM32C031C6T3, STM32C031C6T6, STM32C031C6U3, STM32C031C6U6, STM32C031F4P3, STM32C031F4P6, STM32C031F6P3, STM32C031F6P6, STM32C031G4U3, STM32C031G4U6, STM32C031G6U3, STM32C031G6U6, STM32C031K4T3, STM32C031K4T6, STM32C031K4U3, STM32C031K4U6, STM32C031K6T3, STM32C031K6T6, STM32C031K6U3, STM32C031K6U6, STM32G071K8TXN, STM32G071K8UXN, STM32G081GBU6N, STM32G081KBT6N, STM32G081KBUXN, STM32G0B1CCT6N, STM32G0B1KCT6, STM32G0B1NEY6TR, STM32G0B1RCT6N, STM32G0C1CCT6, STM32G0C1CCT6N, STM32G0C1CCU6N, STM32G0C1CET6N, STM32G0C1CEU6N, STM32G0C1KCT6, STM32G0C1NEY6TR, STM32G0C1RCI6N, STM32G0C1RCT6N, STM32G0C1REI6N, STM32G0C1RET6N, STM32G0C1VCI6, STM32G0C1VEI6, STM32G471CCT6, STM32G471CCU6, STM32G471CET3, STM32G471CET6, STM32G471CEU3, STM32G471CEU6, STM32G471MCT6, STM32G471MET3, STM32G471MET6, STM32G471MEY6TR, STM32G471QCT6, STM32G471QET3, STM32G471RCT6, STM32G471RET3, STM32G471RET6, STM32G471VCH6, STM32G471VCI6, STM32G471VCT6, STM32G471VEH3, STM32G471VEH6, STM32G471VEI3, STM32G471VEI6, STM32G471VET3, STM32G471VET6, STM32G474CCT6, STM32H503CBT6, STM32H503CBU6, STM32H503EBY6TR, STM32H503KBU6, STM32H503RBT6, STM32H562AGI6, STM32H562AII6, STM32H562IGK6, STM32H562IGT6, STM32H562IIK6, STM32H562IIT6, STM32H562RGT6, STM32H562RGV6, STM32H562RIT6, STM32H562RIV6, STM32H562VGT6, STM32H562VIT6, STM32H562ZGT6, STM32H562ZIT6, STM32H563AGI6, STM32H563AII3Q, STM32H563AII6, STM32H563IGK6, STM32H563IGT6, STM32H563IIK3Q, STM32H563IIK6, STM32H563IIT3Q, STM32H563IIT6, STM32H563MIY3QTR, STM32H563RGT6, STM32H563RGV6, STM32H563RIT6, STM32H563RIV6, STM32H563VGT6, STM32H563VIT3Q, STM32H563VIT6, STM32H563ZGT6, STM32H563ZIT3Q, STM32H563ZIT6, STM32H573AII3Q, STM32H573AII6, STM32H573I-DK, STM32H573IIK3Q, STM32H573IIK6, STM32H573IIT3Q, STM32H573IIT6, STM32H573MIY3QTR, STM32H573RIT6, STM32H573RIV6, STM32H573VIT3Q, STM32H573VIT6, STM32H573ZIT3Q, STM32H573ZIT6, STM32L4R5QGI6STR, STM32MP131AAE3, STM32MP131AAF3, STM32MP131AAG3, STM32MP131CAE3, STM32MP131CAF3, STM32MP131CAG3, STM32MP131DAE7, STM32MP131DAF7, STM32MP131DAG7, STM32MP131FAE7, STM32MP131FAF7, STM32MP131FAG7, STM32MP133AAE3, STM32MP133AAF3, STM32MP133AAG3, STM32MP133CAE3, STM32MP133CAF3, STM32MP133CAG3, STM32MP133DAE7, STM32MP133DAF7, STM32MP133DAG7, STM32MP133FAE7, STM32MP133FAF7, STM32MP133FAG7, STM32MP135AAE3, STM32MP135AAF3, STM32MP135AAG3, STM32MP135CAE3, STM32MP135CAF3, STM32MP135CAG3, STM32MP135DAE7, STM32MP135DAF7, STM32MP135DAG7, STM32MP135F-DK, STM32MP135FAE7, STM32MP135FAF7, STM32MP135FAF7T, STM32MP135FAF7U, STM32MP135FAG7, STM32U535CBT6, STM32U535CBT6Q, STM32U535CBU6, STM32U535CBU6Q, STM32U535CCT6, STM32U535CCT6Q, STM32U535CCU6, STM32U535CCU6Q, STM32U535CET6, STM32U535CET6Q, STM32U535CEU6, STM32U535CEU6Q, STM32U535JEY6QTR, STM32U535NCY6QTR, STM32U535NEY6QTR, STM32U535RBI6, STM32U535RBI6Q, STM32U535RBT6, STM32U535RBT6Q, STM32U535RCI6, STM32U535RCI6Q, STM32U535RCT6, STM32U535RCT6Q, STM32U535REI6, STM32U535REI6Q, STM32U535RET6, STM32U535RET6Q, STM32U535VCI6, STM32U535VCI6Q, STM32U535VCT6, STM32U535VCT6Q, STM32U535VEI6, STM32U535VEI6Q, STM32U535VET6, STM32U535VET6Q, STM32U545CET6, STM32U545CET6Q, STM32U545CEU6, STM32U545CEU6Q, STM32U545JEY6QTR, STM32U545NEY6QTR, STM32U545REI6, STM32U545REI6Q, STM32U545RET6, STM32U545RET6Q, STM32U545VEI6, STM32U545VEI6Q, STM32U545VET6, STM32U545VET6Q, STM32U595AIH6, STM32U595AIH6Q, STM32U595AJH6, STM32U595AJH6Q, STM32U595QII6, STM32U595QII6Q, STM32U595QJI6, STM32U595QJI6Q, STM32U595RIT6, STM32U595RIT6Q, STM32U595RJT6, STM32U595RJT6Q, STM32U595VIT6, STM32U595VIT6Q, STM32U595VJT6, STM32U595VJT6Q, STM32U595ZIT6, STM32U595ZIT6Q, STM32U595ZIY6QTR, STM32U595ZJT6, STM32U595ZJT6Q, STM32U595ZJY6QTR, STM32U599BJY6QTR, STM32U599NIH6Q, STM32U599NJH6Q, STM32U599VIT6Q, STM32U599VJT6, STM32U599VJT6Q, STM32U599ZIT6Q, STM32U599ZIY6QTR, STM32U599ZJT6Q, STM32U599ZJY6QTR, STM32U5A5AJH6, STM32U5A5AJH6Q, STM32U5A5QJI6, STM32U5A5QJI6Q, STM32U5A5RJT6, STM32U5A5RJT6Q, STM32U5A5VJT6, STM32U5A5VJT6Q, STM32U5A5ZJT6, STM32U5A5ZJT6Q, STM32U5A5ZJY6QTR, STM32U5A9BJY6QTR, STM32U5A9J-DK, STM32U5A9NJH6Q, STM32U5A9VJT6Q, STM32U5A9ZJT6Q, STM32U5A9ZJY6QTR, STM32U5F7VIT6, STM32U5F7VIT6Q, STM32U5F7VJT6, STM32U5F7VJT6Q, STM32U5F9BJY6QTR, STM32U5F9NJH6Q, STM32U5F9VIT6Q, STM32U5F9VJT6Q, STM32U5F9ZIJ6QTR, STM32U5F9ZIT6Q, STM32U5F9ZJJ6QTR, STM32U5F9ZJT6Q, STM32U5G7VJT6, STM32U5G7VJT6Q, STM32U5G9BJY6QTR, STM32U5G9J-DK1, STM32U5G9J-DK2, STM32U5G9NJH6Q, STM32U5G9VJT6Q, STM32U5G9ZJJ6QTR, STM32U5G9ZJT6Q, STM32WB1MMCH6, STM32WBA50KEU6, STM32WBA50KEU6TR, STM32WBA50KGU6, STM32WBA50KGU6TR, STM32WBA52CEU6, STM32WBA52CEU6TR, STM32WBA52CEU7, STM32WBA52CEU7TR, STM32WBA52CGU6, STM32WBA52CGU6TR, STM32WBA52CGU6U, STM32WBA52CGU7, STM32WBA52CGU7TR, STM32WBA52KEU6, STM32WBA52KEU6TR, STM32WBA52KGU6, STM32WBA52KGU6TR, STM32WBA54CEU6, STM32WBA54CEU6TR, STM32WBA54CEU7, STM32WBA54CEU7TR, STM32WBA54CGU6, STM32WBA54CGU6TR, STM32WBA54CGU7, STM32WBA54CGU7TR, STM32WBA54KEU6, STM32WBA54KEU6TR, STM32WBA54KEU7, STM32WBA54KEU7TR, STM32WBA54KGU6, STM32WBA54KGU6TR, STM32WBA54KGU7, STM32WBA54KGU7TR, STM32WBA55CEU6, STM32WBA55CEU6TR, STM32WBA55CEU7, STM32WBA55CEU7TR, STM32WBA55CGU6, STM32WBA55CGU6TR, STM32WBA55CGU6U, STM32WBA55CGU7, STM32WBA55CGU7TR, STM32WBA55G-DK1, STM32WBA55HEF6, STM32WBA55HEF7, STM32WBA55HGF6, STM32WBA55HGF7, STM32WBA55UEI6, STM32WBA55UEI6TR, STM32WBA55UEI7, STM32WBA55UEI7TR, STM32WBA55UGI6, STM32WBA55UGI6TR, STM32WBA55UGI7, STM32WBA55UGI7TR, STM32WL5MOCH6, STM32WL5MOCH6TR]
2023-12-24 10:22:30,877 [INFO] DbMcus:218 - Found 3930 MCUs, 3930 are supported
2023-12-24 10:22:30,883 [INFO] ApiDb:423 - Load user favorites file C:\Users\arin/.stm32cubeide/favorites.mcus.txt: 1 item(s)
2023-12-24 10:22:30,884 [INFO] ApiDb:427 - User favorites MCUs=[STM32F767ZIT6]
2023-12-24 10:22:30,884 [INFO] DbMcus:224 - Set 1 / 1 favorites MCUs
2023-12-24 10:22:31,145 [INFO] MicroXplorer:468 - Change Database Path : 
2023-12-24 10:22:31,146 [INFO] MicroXplorer:498 - Change Database Version : DB.6.0.100
2023-12-24 10:22:31,146 [WARN] ThirdParty:833 - waiting for thirdparty lock release [change project]
2023-12-24 10:22:31,146 [INFO] ThirdParty:835 - entering critical section [change project]
2023-12-24 10:22:31,146 [INFO] ThirdParty:1030 - CMSIS Pack Vendor :STMicroelectronics X-CUBE-ISPU 1.1.0
2023-12-24 10:22:31,146 [INFO] ThirdParty:1030 - CMSIS Pack Vendor :STMicroelectronics USBPD 4.1
2023-12-24 10:22:31,146 [INFO] ThirdParty:1030 - CMSIS Pack Vendor :STMicroelectronics X-CUBE-GNSS1 6.0.0
2023-12-24 10:22:31,146 [INFO] ThirdParty:1030 - CMSIS Pack Vendor :STMicroelectronics USB_HOST 2.0.0
2023-12-24 10:22:31,146 [INFO] ThirdParty:1030 - CMSIS Pack Vendor :STMicroelectronics X-CUBE-AZRTOS-F4 1.1.0
2023-12-24 10:22:31,146 [INFO] ThirdParty:1030 - CMSIS Pack Vendor :STMicroelectronics LIBJPEG 8.0.0
2023-12-24 10:22:31,146 [INFO] ThirdParty:1030 - CMSIS Pack Vendor :wolfSSL I-CUBE-wolfSSL 5.6.4
2023-12-24 10:22:31,146 [INFO] ThirdParty:1030 - CMSIS Pack Vendor :STMicroelectronics X-CUBE-SMBUS 2.1.0
2023-12-24 10:22:31,146 [INFO] ThirdParty:1030 - CMSIS Pack Vendor :STMicroelectronics USB_DEVICE 3.0.0
2023-12-24 10:22:31,146 [INFO] ThirdParty:1030 - CMSIS Pack Vendor :STMicroelectronics X-CUBE-AZRTOS-WB 2.0.0
2023-12-24 10:22:31,146 [INFO] ThirdParty:1030 - CMSIS Pack Vendor :STMicroelectronics X-CUBE-TOUCHGFX 4.23.0
2023-12-24 10:22:31,146 [INFO] ThirdParty:1030 - CMSIS Pack Vendor :STMicroelectronics X-CUBE-AZRTOS-F7 1.1.0
2023-12-24 10:22:31,146 [INFO] ThirdParty:1030 - CMSIS Pack Vendor :STMicroelectronics X-CUBE-AZRTOS-L5 2.0.0
2023-12-24 10:22:31,146 [INFO] ThirdParty:1030 - CMSIS Pack Vendor :STMicroelectronics USB_DEVICE 2.0.0
2023-12-24 10:22:31,146 [INFO] ThirdParty:1030 - CMSIS Pack Vendor :STMicroelectronics X-CUBE-EEPRMA1 4.2.0
2023-12-24 10:22:31,146 [INFO] ThirdParty:1030 - CMSIS Pack Vendor :ITTIA_DB I-CUBE-ITTIADB 8.8.0
2023-12-24 10:22:31,146 [INFO] ThirdParty:1030 - CMSIS Pack Vendor :STMicroelectronics FP-SNS-MOTENV1 4.3.2
2023-12-24 10:22:31,146 [INFO] ThirdParty:1030 - CMSIS Pack Vendor :STMicroelectronics X-CUBE-ALGOBUILD 1.3.0
2023-12-24 10:22:31,147 [INFO] ThirdParty:1030 - CMSIS Pack Vendor :STMicroelectronics FreeRTOS 0.0.1
2023-12-24 10:22:31,147 [INFO] ThirdParty:1030 - CMSIS Pack Vendor :STMicroelectronics X-CUBE-AZRTOS-G0 1.1.0
2023-12-24 10:22:31,147 [INFO] ThirdParty:1030 - CMSIS Pack Vendor :STMicroelectronics X-CUBE-NFC4 3.0.0
2023-12-24 10:22:31,147 [INFO] ThirdParty:1030 - CMSIS Pack Vendor :STMicroelectronics X-CUBE-SUBG2 5.0.0
2023-12-24 10:22:31,147 [INFO] ThirdParty:1030 - CMSIS Pack Vendor :STMicroelectronics STM32_WPAN 1.0.0
2023-12-24 10:22:31,147 [INFO] ThirdParty:1030 - CMSIS Pack Vendor :STMicroelectronics lwIP 2.0.3
2023-12-24 10:22:31,147 [INFO] ThirdParty:1030 - CMSIS Pack Vendor :STMicroelectronics FP-SNS-FLIGHT1 5.0.2
2023-12-24 10:22:31,147 [INFO] ThirdParty:1030 - CMSIS Pack Vendor :STMicroelectronics USB_HOST 1.0.0
2023-12-24 10:22:31,147 [INFO] ThirdParty:1030 - CMSIS Pack Vendor :STMicroelectronics X-CUBE-AZRTOS-G4 2.0.0
2023-12-24 10:22:31,147 [INFO] ThirdParty:1030 - CMSIS Pack Vendor :STMicroelectronics PDM2PCM 3.1.0
2023-12-24 10:22:31,147 [INFO] ThirdParty:1030 - CMSIS Pack Vendor :STMicroelectronics X-CUBE-AZRTOS-H7 3.1.0
2023-12-24 10:22:31,147 [INFO] ThirdParty:1030 - CMSIS Pack Vendor :Infineon AIROC-Wi-Fi-Bluetooth-STM32 1.5.1
2023-12-24 10:22:31,147 [INFO] ThirdParty:1030 - CMSIS Pack Vendor :STMicroelectronics X-CUBE-BLEMGR 3.0.0
2023-12-24 10:22:31,147 [INFO] ThirdParty:1030 - CMSIS Pack Vendor :STMicroelectronics PDM2PCM 3.3.0
2023-12-24 10:22:31,147 [INFO] ThirdParty:1030 - CMSIS Pack Vendor :STMicroelectronics X-CUBE-DISPLAY 3.0.0
2023-12-24 10:22:31,147 [INFO] ThirdParty:1030 - CMSIS Pack Vendor :STMicroelectronics FP-SNS-MOTENVWB1 1.3.1
2023-12-24 10:22:31,147 [INFO] ThirdParty:1030 - CMSIS Pack Vendor :STMicroelectronics X-CUBE-BLE1 7.0.0
2023-12-24 10:22:31,147 [INFO] ThirdParty:1030 - CMSIS Pack Vendor :STMicroelectronics FP-ATR-SIGFOX1 3.2.0
2023-12-24 10:22:31,147 [INFO] ThirdParty:1030 - CMSIS Pack Vendor :STMicroelectronics X-CUBE-ISPU 2.0.0
2023-12-24 10:22:31,147 [INFO] ThirdParty:1030 - CMSIS Pack Vendor :STMicroelectronics HAL Drivers 0.0.0
2023-12-24 10:22:31,147 [INFO] ThirdParty:1030 - CMSIS Pack Vendor :STMicroelectronics MBEDTLS 2.16.2
2023-12-24 10:22:31,147 [INFO] ThirdParty:1030 - CMSIS Pack Vendor :emotas I-CUBE-CANOPEN 1.3.0
2023-12-24 10:22:31,147 [INFO] ThirdParty:1030 - CMSIS Pack Vendor :STMicroelectronics X-CUBE-MEMS1 10.0.0
2023-12-24 10:22:31,147 [INFO] ThirdParty:1030 - CMSIS Pack Vendor :STMicroelectronics X-CUBE-FREERTOS 1.1.0
2023-12-24 10:22:31,147 [INFO] ThirdParty:1030 - CMSIS Pack Vendor :STMicroelectronics X-CUBE-NFC7 1.0.1
2023-12-24 10:22:31,148 [INFO] ThirdParty:1030 - CMSIS Pack Vendor :STMicroelectronics MBEDTLS 2.14.1
2023-12-24 10:22:31,148 [INFO] ThirdParty:1030 - CMSIS Pack Vendor :STMicroelectronics X-CUBE-TOUCHGFX 4.22.1
2023-12-24 10:22:31,148 [INFO] ThirdParty:1030 - CMSIS Pack Vendor :STMicroelectronics X-CUBE-NFC6 3.0.0
2023-12-24 10:22:31,148 [INFO] ThirdParty:1030 - CMSIS Pack Vendor :portGmbH I-Cube-SoM-uGOAL 1.1.0
2023-12-24 10:22:31,148 [INFO] ThirdParty:1030 - CMSIS Pack Vendor :STMicroelectronics X-CUBE-ALS 1.0.1
2023-12-24 10:22:31,148 [INFO] ThirdParty:1030 - CMSIS Pack Vendor :STMicroelectronics ThreadX 1.0.0
2023-12-24 10:22:31,148 [INFO] ThirdParty:1030 - CMSIS Pack Vendor :STMicroelectronics FP-SNS-SMARTAG2 1.2.0
2023-12-24 10:22:31,148 [INFO] ThirdParty:1030 - CMSIS Pack Vendor :STMicroelectronics X-CUBE-AZRTOS-WL 2.0.0
2023-12-24 10:22:31,148 [INFO] ThirdParty:1030 - CMSIS Pack Vendor :STMicroelectronics USB_DEVICE 1.0.0
2023-12-24 10:22:31,148 [INFO] ThirdParty:1030 - CMSIS Pack Vendor :STMicroelectronics X-CUBE-AI 8.1.0
2023-12-24 10:22:31,148 [INFO] ThirdParty:1030 - CMSIS Pack Vendor :STMicroelectronics X-CUBE-AZRTOS-L4 2.0.0
2023-12-24 10:22:31,148 [INFO] ThirdParty:1030 - CMSIS Pack Vendor :STMicroelectronics ThreadX 0.0.2
2023-12-24 10:22:31,148 [INFO] ThirdParty:1030 - CMSIS Pack Vendor :WES I-CUBE-Cesium 1.3.0
2023-12-24 10:22:31,148 [INFO] ThirdParty:1030 - CMSIS Pack Vendor :STMicroelectronics FP-ATR-ASTRA1 2.0.0
2023-12-24 10:22:31,148 [INFO] ThirdParty:1030 - CMSIS Pack Vendor :STMicroelectronics lwIP 2.1.2
2023-12-24 10:22:31,148 [INFO] ThirdParty:1030 - CMSIS Pack Vendor :STMicroelectronics X-CUBE-SFXS2LP1 4.0.0
2023-12-24 10:22:31,148 [INFO] ThirdParty:1030 - CMSIS Pack Vendor :STMicroelectronics X-CUBE-BLE2 3.3.0
2023-12-24 10:22:31,148 [INFO] ThirdParty:1030 - CMSIS Pack Vendor :STMicroelectronics X-CUBE-TOF1 3.4.0
2023-12-24 10:22:31,148 [INFO] ThirdParty:1030 - CMSIS Pack Vendor :STMicroelectronics X-CUBE-AZRTOS-H7 3.2.0
2023-12-24 10:22:31,148 [INFO] ThirdParty:1030 - CMSIS Pack Vendor :STMicroelectronics PDM2PCM 3.2.0
2023-12-24 10:22:31,148 [INFO] ThirdParty:841 - exiting critical section [change project]
2023-12-24 10:22:31,581 [INFO] PinOutPanel:1499 - setPackage(No Configuration,No Configuration)
2023-12-24 10:22:31,584 [INFO] PinOutPanel:1499 - setPackage(STM32F767ZITx,LQFP144)
2023-12-24 10:22:32,164 [INFO] UtilMem:75 - Before build in PCC Used Memory: 622402712 Bytes (1073741824)
2023-12-24 10:22:32,967 [INFO] UtilMem:75 - After build in PCC Used Memory: 706514688 Bytes (1073741824)
2023-12-24 10:22:32,995 [INFO] IPUIPlugin:80 - create IPUIPlugin
2023-12-24 10:22:32,995 [INFO] IPUIPlugin:80 - create IPUIPlugin
2023-12-24 10:22:32,996 [INFO] IPUIPlugin:80 - create IPUIPlugin
2023-12-24 10:22:32,996 [INFO] IPUIPlugin:80 - create IPUIPlugin
2023-12-24 10:22:32,996 [INFO] IPUIPlugin:80 - create IPUIPlugin
2023-12-24 10:22:32,996 [INFO] IPUIPlugin:80 - create IPUIPlugin
2023-12-24 10:22:32,996 [INFO] IPUIPlugin:80 - create IPUIPlugin
2023-12-24 10:22:32,996 [INFO] IPUIPlugin:80 - create IPUIPlugin
2023-12-24 10:22:32,996 [INFO] IPUIPlugin:80 - create IPUIPlugin
2023-12-24 10:22:32,996 [INFO] IPUIPlugin:80 - create IPUIPlugin
2023-12-24 10:22:32,996 [INFO] IPUIPlugin:80 - create IPUIPlugin
2023-12-24 10:22:32,997 [INFO] IPUIPlugin:80 - create IPUIPlugin
2023-12-24 10:22:32,997 [INFO] IPUIPlugin:80 - create IPUIPlugin
2023-12-24 10:22:32,997 [INFO] IPUIPlugin:80 - create IPUIPlugin
2023-12-24 10:22:32,997 [INFO] IPUIPlugin:80 - create IPUIPlugin
2023-12-24 10:22:32,997 [INFO] IPUIPlugin:80 - create IPUIPlugin
2023-12-24 10:22:32,997 [INFO] IPUIPlugin:80 - create IPUIPlugin
2023-12-24 10:22:32,997 [INFO] IPUIPlugin:80 - create IPUIPlugin
2023-12-24 10:22:32,997 [INFO] IPUIPlugin:80 - create IPUIPlugin
2023-12-24 10:22:32,997 [INFO] IPUIPlugin:80 - create IPUIPlugin
2023-12-24 10:22:32,997 [INFO] IPUIPlugin:80 - create IPUIPlugin
2023-12-24 10:22:32,998 [INFO] IPUIPlugin:80 - create IPUIPlugin
2023-12-24 10:22:32,998 [INFO] IPUIPlugin:80 - create IPUIPlugin
2023-12-24 10:22:32,998 [INFO] IPUIPlugin:80 - create IPUIPlugin
2023-12-24 10:22:32,998 [INFO] IPUIPlugin:80 - create IPUIPlugin
2023-12-24 10:22:32,998 [INFO] IPUIPlugin:80 - create IPUIPlugin
2023-12-24 10:22:32,998 [INFO] IPUIPlugin:80 - create IPUIPlugin
2023-12-24 10:22:32,998 [INFO] IPUIPlugin:80 - create IPUIPlugin
2023-12-24 10:22:32,998 [INFO] IPUIPlugin:80 - create IPUIPlugin
2023-12-24 10:22:32,999 [INFO] IPUIPlugin:80 - create IPUIPlugin
2023-12-24 10:22:32,999 [INFO] IPUIPlugin:80 - create IPUIPlugin
2023-12-24 10:22:32,999 [INFO] IPUIPlugin:80 - create IPUIPlugin
2023-12-24 10:22:32,999 [INFO] IPUIPlugin:80 - create IPUIPlugin
2023-12-24 10:22:33,000 [INFO] IPUIPlugin:80 - create IPUIPlugin
2023-12-24 10:22:33,000 [INFO] IPUIPlugin:80 - create IPUIPlugin
2023-12-24 10:22:33,000 [INFO] IPUIPlugin:80 - create IPUIPlugin
2023-12-24 10:22:33,000 [INFO] IPUIPlugin:80 - create IPUIPlugin
2023-12-24 10:22:33,001 [INFO] IPUIPlugin:80 - create IPUIPlugin
2023-12-24 10:22:33,001 [INFO] IPUIPlugin:80 - create IPUIPlugin
2023-12-24 10:22:33,001 [INFO] IPUIPlugin:80 - create IPUIPlugin
2023-12-24 10:22:33,001 [INFO] IPUIPlugin:80 - create IPUIPlugin
2023-12-24 10:22:33,001 [INFO] IPUIPlugin:80 - create IPUIPlugin
2023-12-24 10:22:33,002 [INFO] IPUIPlugin:80 - create IPUIPlugin
2023-12-24 10:22:33,002 [INFO] IPUIPlugin:80 - create IPUIPlugin
2023-12-24 10:22:33,002 [INFO] IPUIPlugin:80 - create IPUIPlugin
2023-12-24 10:22:33,002 [INFO] IPUIPlugin:80 - create IPUIPlugin
2023-12-24 10:22:33,002 [INFO] IPUIPlugin:80 - create IPUIPlugin
2023-12-24 10:22:33,002 [INFO] IPUIPlugin:80 - create IPUIPlugin
2023-12-24 10:22:33,003 [INFO] IPUIPlugin:80 - create IPUIPlugin
2023-12-24 10:22:33,003 [INFO] IPUIPlugin:80 - create IPUIPlugin
2023-12-24 10:22:33,003 [INFO] IPUIPlugin:80 - create IPUIPlugin
2023-12-24 10:22:33,003 [INFO] IPUIPlugin:80 - create IPUIPlugin
2023-12-24 10:22:33,003 [INFO] IPUIPlugin:80 - create IPUIPlugin
2023-12-24 10:22:33,003 [INFO] IPUIPlugin:80 - create IPUIPlugin
2023-12-24 10:22:33,004 [INFO] IPUIPlugin:80 - create IPUIPlugin
2023-12-24 10:22:33,004 [INFO] IPUIPlugin:80 - create IPUIPlugin
2023-12-24 10:22:33,004 [INFO] IPUIPlugin:80 - create IPUIPlugin
2023-12-24 10:22:33,004 [INFO] IPUIPlugin:80 - create IPUIPlugin
2023-12-24 10:22:33,004 [INFO] IPUIPlugin:80 - create IPUIPlugin
2023-12-24 10:22:33,004 [INFO] IPUIPlugin:80 - create IPUIPlugin
2023-12-24 10:22:33,005 [INFO] IPUIPlugin:80 - create IPUIPlugin
2023-12-24 10:22:33,005 [INFO] IPUIPlugin:80 - create IPUIPlugin
2023-12-24 10:22:33,005 [INFO] IPUIPlugin:80 - create IPUIPlugin
2023-12-24 10:22:33,005 [INFO] IPUIPlugin:80 - create IPUIPlugin
2023-12-24 10:22:33,005 [INFO] IPUIPlugin:80 - create IPUIPlugin
2023-12-24 10:22:33,006 [INFO] IPUIPlugin:80 - create IPUIPlugin
2023-12-24 10:22:33,006 [INFO] IPUIPlugin:80 - create IPUIPlugin
2023-12-24 10:22:33,006 [INFO] IPUIPlugin:80 - create IPUIPlugin
2023-12-24 10:22:33,006 [INFO] IPUIPlugin:80 - create IPUIPlugin
2023-12-24 10:22:33,008 [INFO] IPUIPlugin:80 - create IPUIPlugin
2023-12-24 10:22:33,008 [INFO] IPUIPlugin:80 - create IPUIPlugin
2023-12-24 10:22:33,008 [INFO] IPUIPlugin:80 - create IPUIPlugin
2023-12-24 10:22:33,008 [INFO] IPUIPlugin:80 - create IPUIPlugin
2023-12-24 10:22:33,008 [INFO] IPUIPlugin:80 - create IPUIPlugin
2023-12-24 10:22:33,009 [INFO] IPUIPlugin:80 - create IPUIPlugin
2023-12-24 10:22:33,009 [INFO] IPUIPlugin:80 - create IPUIPlugin
2023-12-24 10:22:33,009 [INFO] IPUIPlugin:80 - create IPUIPlugin
2023-12-24 10:22:33,010 [INFO] IPUIPlugin:80 - create IPUIPlugin
2023-12-24 10:22:33,010 [INFO] IPUIPlugin:80 - create IPUIPlugin
2023-12-24 10:22:33,133 [INFO] ApiDbMcu:508 - Load IP Config File for PDM2PCM
2023-12-24 10:22:33,301 [INFO] CADModel:165 - CPN selected for project levelSTM32F767ZIT6
2023-12-24 10:22:33,301 [INFO] CADModel:114 - Register for checkConnection events
2023-12-24 10:22:33,355 [INFO] OpenFileManager:343 - Restore cursor
2023-12-24 10:28:14,953 [INFO] UtilMem:75 - End SaveConfig() Used Memory: 797397632 Bytes (1073741824)
2023-12-24 10:28:16,151 [INFO] UtilMem:75 - End SaveConfig() Used Memory: 843012736 Bytes (1073741824)
2023-12-24 10:28:23,750 [INFO] UtilMem:75 - End SaveConfig() Used Memory: 582797472 Bytes (1073741824)
2023-12-24 10:28:24,151 [INFO] BlockDiagram:2759 - set Specific Code input for plugin: RCC
2023-12-24 10:28:24,151 [INFO] BlockDiagram:2759 - set Specific Code input for plugin: NVIC
2023-12-24 10:28:24,152 [INFO] BlockDiagram:2759 - set Specific Code input for plugin: GPIO
2023-12-24 10:28:24,153 [INFO] CodeGenerator:807 - code generatio: config db path: C:\ST\STM32CubeIDE_1.14.0\STM32CubeIDE\plugins\com.st.stm32cube.common.mx_6.10.0.202311202037\\db\
2023-12-24 10:28:24,464 [INFO] CodeEngine:255 - oldGeneratedFile, C:\Users\arin\Documents\MadDocument\workspace\Lab02\MXTmpFiles\license.tmp_save
2023-12-24 10:28:24,774 [INFO] CodeEngine:279 - Generated code: C:\Users\arin\Documents\MadDocument\workspace\Lab02\MXTmpFiles\license.tmp
2023-12-24 10:28:24,879 [INFO] CodeEngine:255 - oldGeneratedFile, C:\Users\arin\Documents\MadDocument\workspace\Lab02\MXTmpFiles\gpio.tmp_save
2023-12-24 10:28:25,005 [INFO] CodeEngine:279 - Generated code: C:\Users\arin\Documents\MadDocument\workspace\Lab02\MXTmpFiles\gpio.tmp
2023-12-24 10:28:25,068 [INFO] CodeEngine:255 - oldGeneratedFile, C:\Users\arin\Documents\MadDocument\workspace\Lab02\MXTmpFiles\cortex.tmp_save
2023-12-24 10:28:25,157 [INFO] CodeEngine:279 - Generated code: C:\Users\arin\Documents\MadDocument\workspace\Lab02\MXTmpFiles\cortex.tmp
2023-12-24 10:28:25,182 [INFO] CodeEngine:255 - oldGeneratedFile, C:\Users\arin\Documents\MadDocument\workspace\Lab02\Core\Src\stm32f7xx_it.c_save
2023-12-24 10:28:25,294 [INFO] CodeEngine:279 - Generated code: C:\Users\arin\Documents\MadDocument\workspace\Lab02\Core\Src\stm32f7xx_it.c
2023-12-24 10:28:25,315 [INFO] CodeEngine:255 - oldGeneratedFile, C:\Users\arin\Documents\MadDocument\workspace\Lab02\Core\Inc\stm32f7xx_it.h_save
2023-12-24 10:28:25,401 [INFO] CodeEngine:279 - Generated code: C:\Users\arin\Documents\MadDocument\workspace\Lab02\Core\Inc\stm32f7xx_it.h
2023-12-24 10:28:25,465 [INFO] CodeEngine:255 - oldGeneratedFile, C:\Users\arin\Documents\MadDocument\workspace\Lab02\Core\Src\stm32f7xx_hal_msp.c_save
2023-12-24 10:28:25,568 [INFO] CodeEngine:279 - Generated code: C:\Users\arin\Documents\MadDocument\workspace\Lab02\Core\Src\stm32f7xx_hal_msp.c
2023-12-24 10:28:25,580 [INFO] CodeEngine:255 - oldGeneratedFile, C:\Users\arin\Documents\MadDocument\workspace\Lab02\MXTmpFiles\system.tmp_save
2023-12-24 10:28:25,645 [INFO] CodeEngine:279 - Generated code: C:\Users\arin\Documents\MadDocument\workspace\Lab02\MXTmpFiles\system.tmp
2023-12-24 10:28:25,672 [INFO] CodeEngine:311 - oldGeneratedFile, C:\Users\arin\Documents\MadDocument\workspace\Lab02\Core\Inc\stm32f7xx_hal_conf.h_save
2023-12-24 10:28:25,760 [INFO] CodeEngine:335 - Generated code: C:\Users\arin\Documents\MadDocument\workspace\Lab02\Core\Inc\stm32f7xx_hal_conf.h
2023-12-24 10:28:25,826 [INFO] CodeEngine:255 - oldGeneratedFile, C:\Users\arin\Documents\MadDocument\workspace\Lab02\Core\Inc\main.h_save
2023-12-24 10:28:25,955 [INFO] CodeEngine:279 - Generated code: C:\Users\arin\Documents\MadDocument\workspace\Lab02\Core\Inc\main.h
2023-12-24 10:28:25,977 [INFO] CodeEngine:255 - oldGeneratedFile, C:\Users\arin\Documents\MadDocument\workspace\Lab02\Core\Src\main.c_save
2023-12-24 10:28:26,128 [INFO] CodeEngine:279 - Generated code: C:\Users\arin\Documents\MadDocument\workspace\Lab02\Core\Src\main.c
2023-12-24 10:28:26,551 [INFO] ProjectBuilder:3076 - Time for Copy HAL[1] : 183mS.
2023-12-24 10:28:26,556 [INFO] ProjectBuilder:4485 - Project Generator version: 4.2.0-B44
2023-12-24 10:28:26,785 [INFO] ConfigFileManager:1495 - The Die is : DIE451
2023-12-24 10:28:26,800 [INFO] ApiDbMcu:508 - Load IP Config File for FATFS
2023-12-24 10:28:26,813 [INFO] ApiDbMcu:508 - Load IP Config File for FREERTOS
2023-12-24 10:28:26,827 [INFO] ApiDbMcu:508 - Load IP Config File for LIBJPEG
2023-12-24 10:28:26,842 [INFO] ApiDbMcu:508 - Load IP Config File for LWIP
2023-12-24 10:28:26,857 [INFO] ApiDbMcu:508 - Load IP Config File for MBEDTLS
2023-12-24 10:28:26,873 [INFO] ApiDbMcu:508 - Load IP Config File for USB_DEVICE
2023-12-24 10:28:26,887 [INFO] ApiDbMcu:508 - Load IP Config File for USB_HOST
2023-12-24 10:28:27,913 [INFO] LogOutputStream:77 - [STDOUT_REDIRECT] 
2023-12-24 10:28:29,301 [INFO] ProjectBuilder:4747 - Time for Generating toolchain IDE Files: 2745mS.
2023-12-24 10:28:29,302 [INFO] ProjectBuilder:2947 - Time for Copy CMSIS : 0mS.
2023-12-24 10:28:29,304 [INFO] ProjectBuilder:2947 - Time for Copy CMSIS : 0mS.
2023-12-24 12:39:55,778 [ERROR] LogOutputStream:75 - [STDERR_REDIRECT] 
