2024-01-08 13:36:58,692 [INFO] Activator:176 - 


2024-01-08 13:36:58,698 [INFO] Activator:177 - !SESSION log4j initialized
2024-01-08 13:37:05,352 [INFO] LogOutputStream:77 - [STDOUT_REDIRECT] 
2024-01-08 13:37:07,477 [INFO] ApplicationProperties:184 - Using Application install path: C:\ST\STM32CubeIDE_1.14.0\STM32CubeIDE\plugins\com.st.stm32cube.common.mx_6.10.0.202311202037
2024-01-08 13:37:07,504 [INFO] DbMcusXml:78 - Set database path to: C:\ST\STM32CubeIDE_1.14.0\STM32CubeIDE\plugins\com.st.stm32cube.common.mx_6.10.0.202311202037\\db\/mcu/
2024-01-08 13:37:07,505 [INFO] ApiDb:274 - Set plugin database path to: C:\ST\STM32CubeIDE_1.14.0\STM32CubeIDE\plugins\com.st.stm32cube.common.mx_6.10.0.202311202037\\db\/plugins/boardmanager/
2024-01-08 13:37:07,505 [WARN] ApiDb:259 - Overriding images path with different value:  => C:\ST\STM32CubeIDE_1.14.0\STM32CubeIDE\plugins\com.st.stm32cube.common.mx_6.10.0.202311202037\\db\/plugins/mcufinder/images/
2024-01-08 13:37:07,521 [INFO] ApiDb:250 - Set database path to: C:\Users\arin\.stmcufinder\plugins\mcufinder//mcu/
2024-01-08 13:37:07,522 [INFO] DbMcusAds:125 - Set database path to: C:\Users\arin\.stmcufinder\plugins\mcufinder//mcu/
2024-01-08 13:37:07,524 [INFO] CrossReferenceDbSqlite:203 - Set database path to: C:\Users\arin\.stmcufinder\plugins\mcufinder//mcu/cs/
2024-01-08 13:37:07,641 [INFO] RulesReader:64 - Compatibility file has been processed (297 Rules)
2024-01-08 13:37:07,722 [INFO] DbMcusXml:78 - Set database path to: C:\ST\STM32CubeIDE_1.14.0\STM32CubeIDE\plugins\com.st.stm32cube.common.mx_6.10.0.202311202037\\db\/mcu/
2024-01-08 13:37:07,722 [INFO] ApiDb:274 - Set plugin database path to: C:\ST\STM32CubeIDE_1.14.0\STM32CubeIDE\plugins\com.st.stm32cube.common.mx_6.10.0.202311202037\\db\/plugins/boardmanager/
2024-01-08 13:37:07,722 [INFO] ApiDb:261 - Set plugin images path to: C:\ST\STM32CubeIDE_1.14.0\STM32CubeIDE\plugins\com.st.stm32cube.common.mx_6.10.0.202311202037\\db\/plugins/mcufinder/images/
2024-01-08 13:37:07,722 [WARN] DbFile:41 - Overriding database path with different value: C:\Users\arin\.stmcufinder\plugins\mcufinder/ => C:\Users\arin\.stmcufinder\plugins\mcufinder
2024-01-08 13:37:07,722 [INFO] ApiDb:250 - Set database path to: C:\Users\arin\.stmcufinder\plugins\mcufinder//mcu/
2024-01-08 13:37:07,722 [WARN] DbFile:41 - Overriding database path with different value: C:\Users\arin\.stmcufinder\plugins\mcufinder/ => C:\Users\arin\.stmcufinder\plugins\mcufinder
2024-01-08 13:37:07,722 [INFO] DbMcusAds:125 - Set database path to: C:\Users\arin\.stmcufinder\plugins\mcufinder//mcu/
2024-01-08 13:37:07,722 [WARN] DbFile:41 - Overriding database path with different value: C:\Users\arin\.stmcufinder\plugins\mcufinder/ => C:\Users\arin\.stmcufinder\plugins\mcufinder
2024-01-08 13:37:07,722 [WARN] DbFile:41 - Overriding database path with different value: C:\Users\arin\.stmcufinder\plugins\mcufinder/ => C:\Users\arin\.stmcufinder\plugins\mcufinder
2024-01-08 13:37:07,722 [INFO] CrossReferenceDbSqlite:203 - Set database path to: C:\Users\arin\.stmcufinder\plugins\mcufinder//mcu/cs/
2024-01-08 13:37:07,796 [INFO] MainPanel:264 - HeapMemory: 268435456
2024-01-08 13:37:07,889 [INFO] DbMcusXml:78 - Set database path to: C:\ST\STM32CubeIDE_1.14.0\STM32CubeIDE\plugins\com.st.stm32cube.common.mx_6.10.0.202311202037\\db\/mcu/
2024-01-08 13:37:07,889 [INFO] ApiDb:274 - Set plugin database path to: C:\ST\STM32CubeIDE_1.14.0\STM32CubeIDE\plugins\com.st.stm32cube.common.mx_6.10.0.202311202037\\db\/plugins/boardmanager/
2024-01-08 13:37:07,889 [INFO] ApiDb:261 - Set plugin images path to: C:\ST\STM32CubeIDE_1.14.0\STM32CubeIDE\plugins\com.st.stm32cube.common.mx_6.10.0.202311202037\\db\/plugins/mcufinder/images/
2024-01-08 13:37:07,890 [WARN] DbFile:41 - Overriding database path with different value: C:\Users\arin\.stmcufinder\plugins\mcufinder/ => C:\Users\arin\.stmcufinder\plugins\mcufinder
2024-01-08 13:37:07,890 [INFO] ApiDb:250 - Set database path to: C:\Users\arin\.stmcufinder\plugins\mcufinder//mcu/
2024-01-08 13:37:07,890 [WARN] DbFile:41 - Overriding database path with different value: C:\Users\arin\.stmcufinder\plugins\mcufinder/ => C:\Users\arin\.stmcufinder\plugins\mcufinder
2024-01-08 13:37:07,890 [INFO] DbMcusAds:125 - Set database path to: C:\Users\arin\.stmcufinder\plugins\mcufinder//mcu/
2024-01-08 13:37:07,890 [WARN] DbFile:41 - Overriding database path with different value: C:\Users\arin\.stmcufinder\plugins\mcufinder/ => C:\Users\arin\.stmcufinder\plugins\mcufinder
2024-01-08 13:37:07,890 [WARN] DbFile:41 - Overriding database path with different value: C:\Users\arin\.stmcufinder\plugins\mcufinder/ => C:\Users\arin\.stmcufinder\plugins\mcufinder
2024-01-08 13:37:07,890 [INFO] CrossReferenceDbSqlite:203 - Set database path to: C:\Users\arin\.stmcufinder\plugins\mcufinder//mcu/cs/
2024-01-08 13:37:07,907 [INFO] ApplicationProperties:184 - Using Application install path: C:\ST\STM32CubeIDE_1.14.0\STM32CubeIDE\plugins\com.st.stm32cube.common.mx_6.10.0.202311202037
2024-01-08 13:37:07,909 [INFO] PluginManage:196 - Search for loadable plugins [exclusion list=, ]
2024-01-08 13:37:07,910 [INFO] PluginManage:310 - Check plugin analytics
2024-01-08 13:37:08,067 [INFO] AnalyticsPlugin:253 - Accepted Software Licenses: 
2024-01-08 13:37:08,067 [INFO] AnalyticsPlugin:255 - Accepted CMSIS Pack Licenses: 
2024-01-08 13:37:08,067 [INFO] AnalyticsPlugin:257 - Accepted Firmware Licenses: FW.F7.1.17.0
2024-01-08 13:37:08,069 [INFO] PluginManage:359 - Loaded plugin analytics (category:tool,tabindex:-1)
2024-01-08 13:37:08,070 [INFO] PluginManage:310 - Check plugin cadmodel
2024-01-08 13:37:08,085 [INFO] CADModel:105 - Init CAD model plugin
2024-01-08 13:37:08,085 [INFO] PluginManage:359 - Loaded plugin cadmodel (category:power,tabindex:5)
2024-01-08 13:37:08,085 [INFO] PluginManage:310 - Check plugin clock
2024-01-08 13:37:08,105 [INFO] PluginManage:359 - Loaded plugin clock (category:base,tabindex:2)
2024-01-08 13:37:08,105 [INFO] PluginManage:310 - Check plugin ddr
2024-01-08 13:37:08,107 [INFO] PluginManage:359 - Loaded plugin ddr (category:tool,tabindex:6)
2024-01-08 13:37:08,107 [INFO] PluginManage:310 - Check plugin filemanager
2024-01-08 13:37:08,226 [INFO] PluginManage:359 - Loaded plugin filemanager (category:base,tabindex:10)
2024-01-08 13:37:08,226 [INFO] PluginManage:310 - Check plugin ipmanager
2024-01-08 13:37:08,233 [INFO] PluginManage:359 - Loaded plugin ipmanager (category:base,tabindex:5)
2024-01-08 13:37:08,233 [INFO] PluginManage:310 - Check plugin lpbam
2024-01-08 13:37:08,249 [INFO] PluginManage:359 - Loaded plugin lpbam (category:base,tabindex:0)
2024-01-08 13:37:08,250 [INFO] PluginManage:310 - Check plugin memorymap
2024-01-08 13:37:08,273 [INFO] PluginManage:359 - Loaded plugin memorymap (category:base,tabindex:4)
2024-01-08 13:37:08,273 [INFO] PluginManage:310 - Check plugin pinoutandconfiguration
2024-01-08 13:37:08,288 [INFO] PluginManage:359 - Loaded plugin pinoutandconfiguration (category:base,tabindex:1)
2024-01-08 13:37:08,288 [INFO] PluginManage:310 - Check plugin pinoutconfig
2024-01-08 13:37:08,383 [WARN] SupportedApi:132 - Cannot load RTOS API schema: s4s-elt-must-match.1: The content of 'definitions' must match (annotation?, (simpleType | complexType)?, (unique | key | keyref)*)). A problem was found starting at: attribute.
2024-01-08 13:37:08,526 [INFO] PluginManage:359 - Loaded plugin pinoutconfig (category:base,tabindex:0)
2024-01-08 13:37:08,526 [INFO] PluginManage:310 - Check plugin power
2024-01-08 13:37:08,546 [INFO] PluginManage:359 - Loaded plugin power (category:power,tabindex:4)
2024-01-08 13:37:08,546 [INFO] PluginManage:310 - Check plugin projectmanager
2024-01-08 13:37:08,560 [INFO] PluginManage:359 - Loaded plugin projectmanager (category:projectmanager,tabindex:3)
2024-01-08 13:37:08,561 [INFO] PluginManage:310 - Check plugin thirdparty
2024-01-08 13:37:08,808 [INFO] PluginManage:359 - Loaded plugin thirdparty (category:base,tabindex:-1)
2024-01-08 13:37:08,808 [WARN] IntegrityCheckThread:84 - waiting for thirdparty lock release [integrity check]
2024-01-08 13:37:08,808 [INFO] IntegrityCheckThread:86 - entering critical section [integrity check]
2024-01-08 13:37:08,808 [INFO] PluginManage:310 - Check plugin tools
2024-01-08 13:37:08,809 [INFO] ThirdPartyUpdaterWithRetryManager:70 - Updater plugin not ready yet. [1/15]
2024-01-08 13:37:08,835 [INFO] PluginManage:359 - Loaded plugin tools (category:base,tabindex:7)
2024-01-08 13:37:08,835 [INFO] PluginManage:310 - Check plugin tutovideos
2024-01-08 13:37:09,009 [INFO] PluginManage:359 - Loaded plugin tutovideos (category:base,tabindex:-1)
2024-01-08 13:37:09,010 [INFO] PluginManage:310 - Check plugin updater
2024-01-08 13:37:09,020 [INFO] PluginManage:359 - Loaded plugin updater (category:base,tabindex:12)
2024-01-08 13:37:09,020 [INFO] PluginManage:310 - Check plugin userauth
2024-01-08 13:37:09,026 [INFO] UserAuth:114 - Init User Auth plugin
2024-01-08 13:37:09,026 [INFO] PluginManage:359 - Loaded plugin userauth (category:base,tabindex:14)
2024-01-08 13:37:09,026 [INFO] PluginManage:283 - PluginManage : Loaded plugins [17]
2024-01-08 13:37:09,232 [INFO] PinOutPanel:1499 - setPackage(No Configuration,No Configuration)
2024-01-08 13:37:09,299 [INFO] CADModel:165 - CPN selected for project level
2024-01-08 13:37:09,299 [INFO] CADModel:114 - Register for checkConnection events
2024-01-08 13:37:09,323 [INFO] IPUIPlugin:80 - create IPUIPlugin
2024-01-08 13:37:09,323 [INFO] PluginManager:220 - loadIPPluginJar : add adc
2024-01-08 13:37:09,351 [INFO] IPUIPlugin:80 - create IPUIPlugin
2024-01-08 13:37:09,351 [INFO] PluginManager:220 - loadIPPluginJar : add aes
2024-01-08 13:37:09,383 [INFO] IPUIPlugin:80 - create IPUIPlugin
2024-01-08 13:37:09,383 [INFO] PluginManager:220 - loadIPPluginJar : add can
2024-01-08 13:37:09,400 [INFO] IPUIPlugin:80 - create IPUIPlugin
2024-01-08 13:37:09,400 [INFO] PluginManager:220 - loadIPPluginJar : add comp
2024-01-08 13:37:09,426 [INFO] IPUIPlugin:80 - create IPUIPlugin
2024-01-08 13:37:09,426 [INFO] PluginManager:220 - loadIPPluginJar : add cryp
2024-01-08 13:37:09,450 [INFO] IPUIPlugin:80 - create IPUIPlugin
2024-01-08 13:37:09,450 [INFO] PluginManager:220 - loadIPPluginJar : add dfsdm
2024-01-08 13:37:09,462 [INFO] IPUIPlugin:80 - create IPUIPlugin
2024-01-08 13:37:09,462 [INFO] PluginManager:220 - loadIPPluginJar : add dma
2024-01-08 13:37:09,494 [INFO] IPUIPlugin:80 - create IPUIPlugin
2024-01-08 13:37:09,495 [INFO] PluginManager:220 - loadIPPluginJar : add dma3
2024-01-08 13:37:09,510 [INFO] IPUIPlugin:80 - create IPUIPlugin
2024-01-08 13:37:09,510 [INFO] PluginManager:220 - loadIPPluginJar : add fatfs
2024-01-08 13:37:09,548 [INFO] IPUIPlugin:80 - create IPUIPlugin
2024-01-08 13:37:09,548 [INFO] PluginManager:220 - loadIPPluginJar : add fmc
2024-01-08 13:37:09,561 [INFO] IPUIPlugin:80 - create IPUIPlugin
2024-01-08 13:37:09,561 [INFO] PluginManager:220 - loadIPPluginJar : add freertos
2024-01-08 13:37:09,578 [INFO] IPUIPlugin:80 - create IPUIPlugin
2024-01-08 13:37:09,578 [INFO] PluginManager:220 - loadIPPluginJar : add genericplugin
2024-01-08 13:37:09,644 [INFO] IPUIPlugin:80 - create IPUIPlugin
2024-01-08 13:37:09,644 [INFO] PluginManager:220 - loadIPPluginJar : add gfxmmu
2024-01-08 13:37:09,732 [INFO] IPUIPlugin:80 - create IPUIPlugin
2024-01-08 13:37:09,732 [INFO] PluginManager:220 - loadIPPluginJar : add gic
2024-01-08 13:37:09,744 [INFO] IPUIPlugin:80 - create IPUIPlugin
2024-01-08 13:37:09,744 [INFO] PluginManager:220 - loadIPPluginJar : add gpio
2024-01-08 13:37:09,807 [INFO] IPUIPlugin:80 - create IPUIPlugin
2024-01-08 13:37:09,807 [INFO] PluginManager:220 - loadIPPluginJar : add gtzc
2024-01-08 13:37:09,831 [INFO] IPUIPlugin:80 - create IPUIPlugin
2024-01-08 13:37:09,831 [INFO] PluginManager:220 - loadIPPluginJar : add hash
2024-01-08 13:37:09,869 [INFO] IPUIPlugin:80 - create IPUIPlugin
2024-01-08 13:37:09,869 [INFO] PluginManager:220 - loadIPPluginJar : add i2c
2024-01-08 13:37:09,898 [INFO] IPUIPlugin:80 - create IPUIPlugin
2024-01-08 13:37:09,898 [INFO] PluginManager:220 - loadIPPluginJar : add i2s
2024-01-08 13:37:09,929 [INFO] IPUIPlugin:80 - create IPUIPlugin
2024-01-08 13:37:09,929 [INFO] PluginManager:220 - loadIPPluginJar : add i3c
2024-01-08 13:37:10,007 [INFO] IPUIPlugin:80 - create IPUIPlugin
2024-01-08 13:37:10,007 [INFO] PluginManager:220 - loadIPPluginJar : add ipddr
2024-01-08 13:37:10,067 [INFO] IPUIPlugin:80 - create IPUIPlugin
2024-01-08 13:37:10,068 [INFO] PluginManager:220 - loadIPPluginJar : add linkedlist
2024-01-08 13:37:10,095 [INFO] IPUIPlugin:80 - create IPUIPlugin
2024-01-08 13:37:10,095 [INFO] PluginManager:220 - loadIPPluginJar : add lorawan
2024-01-08 13:37:10,122 [INFO] IPUIPlugin:80 - create IPUIPlugin
2024-01-08 13:37:10,122 [INFO] PluginManager:220 - loadIPPluginJar : add ltdc
2024-01-08 13:37:10,135 [INFO] IPUIPlugin:80 - create IPUIPlugin
2024-01-08 13:37:10,135 [INFO] PluginManager:220 - loadIPPluginJar : add mdma
2024-01-08 13:37:10,145 [INFO] IPUIPlugin:80 - create IPUIPlugin
2024-01-08 13:37:10,145 [INFO] PluginManager:220 - loadIPPluginJar : add nvic
2024-01-08 13:37:10,170 [INFO] IPUIPlugin:80 - create IPUIPlugin
2024-01-08 13:37:10,170 [INFO] PluginManager:220 - loadIPPluginJar : add opamp
2024-01-08 13:37:10,210 [INFO] IPUIPlugin:80 - create IPUIPlugin
2024-01-08 13:37:10,210 [INFO] PluginManager:220 - loadIPPluginJar : add openamp
2024-01-08 13:37:10,241 [INFO] IPUIPlugin:80 - create IPUIPlugin
2024-01-08 13:37:10,241 [INFO] PluginManager:220 - loadIPPluginJar : add pdm2pcm
2024-01-08 13:37:10,254 [INFO] IPUIPlugin:80 - create IPUIPlugin
2024-01-08 13:37:10,256 [INFO] PluginManager:220 - loadIPPluginJar : add plateformsettings
2024-01-08 13:37:10,272 [INFO] IPUIPlugin:80 - create IPUIPlugin
2024-01-08 13:37:10,272 [INFO] PluginManager:220 - loadIPPluginJar : add quadspi
2024-01-08 13:37:10,283 [INFO] IPUIPlugin:80 - create IPUIPlugin
2024-01-08 13:37:10,283 [INFO] PluginManager:220 - loadIPPluginJar : add resmgrutility
2024-01-08 13:37:10,321 [INFO] IPUIPlugin:80 - create IPUIPlugin
2024-01-08 13:37:10,321 [INFO] PluginManager:220 - loadIPPluginJar : add sai
2024-01-08 13:37:10,349 [INFO] IPUIPlugin:80 - create IPUIPlugin
2024-01-08 13:37:10,349 [INFO] PluginManager:220 - loadIPPluginJar : add spi
2024-01-08 13:37:10,408 [INFO] IPUIPlugin:80 - create IPUIPlugin
2024-01-08 13:37:10,408 [INFO] PluginManager:220 - loadIPPluginJar : add stm32_wpan
2024-01-08 13:37:10,426 [INFO] IPUIPlugin:80 - create IPUIPlugin
2024-01-08 13:37:10,426 [INFO] PluginManager:220 - loadIPPluginJar : add tim
2024-01-08 13:37:10,465 [INFO] IPUIPlugin:80 - create IPUIPlugin
2024-01-08 13:37:10,465 [INFO] PluginManager:220 - loadIPPluginJar : add touchsensing
2024-01-08 13:37:10,482 [INFO] IPUIPlugin:80 - create IPUIPlugin
2024-01-08 13:37:10,482 [INFO] PluginManager:220 - loadIPPluginJar : add tracer_emb
2024-01-08 13:37:10,498 [INFO] IPUIPlugin:80 - create IPUIPlugin
2024-01-08 13:37:10,499 [INFO] PluginManager:220 - loadIPPluginJar : add ts
2024-01-08 13:37:10,515 [INFO] IPUIPlugin:80 - create IPUIPlugin
2024-01-08 13:37:10,515 [INFO] PluginManager:220 - loadIPPluginJar : add tsc
2024-01-08 13:37:10,530 [INFO] IPUIPlugin:80 - create IPUIPlugin
2024-01-08 13:37:10,530 [INFO] PluginManager:220 - loadIPPluginJar : add ucpd
2024-01-08 13:37:10,560 [INFO] IPUIPlugin:80 - create IPUIPlugin
2024-01-08 13:37:10,560 [INFO] PluginManager:220 - loadIPPluginJar : add usart
2024-01-08 13:37:10,591 [INFO] IPUIPlugin:80 - create IPUIPlugin
2024-01-08 13:37:10,591 [INFO] PluginManager:220 - loadIPPluginJar : add usbx
2024-01-08 13:37:10,711 [INFO] CADModel:165 - CPN selected for project level
2024-01-08 13:37:10,711 [INFO] CADModel:114 - Register for checkConnection events
2024-01-08 13:37:10,711 [FATAL] Updater:308 - Updater called before beeing initialized
2024-01-08 13:37:10,711 [ERROR] CADModel:125 - Updater not yet initialized, retry later 
2024-01-08 13:37:10,831 [INFO] CADModel:165 - CPN selected for project level
2024-01-08 13:37:10,831 [INFO] CADModel:114 - Register for checkConnection events
2024-01-08 13:37:10,831 [FATAL] Updater:308 - Updater called before beeing initialized
2024-01-08 13:37:10,831 [ERROR] CADModel:125 - Updater not yet initialized, retry later 
2024-01-08 13:37:10,834 [FATAL] Updater:308 - Updater called before beeing initialized
2024-01-08 13:37:10,920 [FATAL] Updater:308 - Updater called before beeing initialized
2024-01-08 13:37:10,927 [INFO] DbMcusAds:53 - JSON generation date=Wed Nov 29 17:52:27 ICT 2023 (1701255147349)
2024-01-08 13:37:10,927 [FATAL] Updater:308 - Updater called before beeing initialized
2024-01-08 13:37:10,990 [WARN] DetailPanel:346 - Failed to get advertising image, set to default
2024-01-08 13:37:11,075 [FATAL] Updater:308 - Updater called before beeing initialized
2024-01-08 13:37:11,077 [FATAL] Updater:308 - Updater called before beeing initialized
2024-01-08 13:37:11,077 [FATAL] Updater:308 - Updater called before beeing initialized
2024-01-08 13:37:11,078 [WARN] DetailPanel:346 - Failed to get advertising image, set to default
2024-01-08 13:37:11,078 [FATAL] Updater:308 - Updater called before beeing initialized
2024-01-08 13:37:11,157 [ERROR] Updater:1120 - MainUpdater not yet initialized. External WinMGr cannot be set.
2024-01-08 13:37:11,165 [INFO] Updater:1056 - Updater Version found : 6.10.0
2024-01-08 13:37:11,181 [INFO] ApplicationProperties:184 - Using Application install path: C:\ST\STM32CubeIDE_1.14.0\STM32CubeIDE\plugins\com.st.stm32cube.common.mx_6.10.0.202311202037
2024-01-08 13:37:11,442 [INFO] MainUpdater:2873 - connection check result : 10
2024-01-08 13:37:11,442 [INFO] MainUpdater:3567 - Updater definition file requires update
2024-01-08 13:37:11,443 [INFO] MainUpdater:290 - Updater Check For Update Now.
2024-01-08 13:37:11,443 [INFO] MicroXplorer:498 - Change Database Version : DB.6.0.100
2024-01-08 13:37:11,457 [INFO] McuFinderGlobals:63 - Set McuFinder mode to 2 (CubeIDE integrated)
2024-01-08 13:37:11,505 [INFO] ServerAccessManage:473 - Download File updaters.zip
2024-01-08 13:37:11,696 [INFO] FileExtend:240 - Unzip File : updaters.zip
2024-01-08 13:37:11,696 [INFO] FileExtend:255 - Standard Zip Deflate
2024-01-08 13:37:11,809 [WARN] MainUpdater:1194 - Updater busy. Cannot search thirdparties
2024-01-08 13:37:11,810 [INFO] ThirdPartyUpdaterWithRetryManager:96 - Updater plugin is busy. [1/15]
2024-01-08 13:37:11,847 [INFO] UserAuth:404 - Internet connection configuration mode: 1
2024-01-08 13:37:11,887 [INFO] JxBrowserEngine:152 - Initiate JxBrowser Engine with user profile folder
2024-01-08 13:37:12,206 [INFO] ServerAccessManage:473 - Download File PacksControlFlags.xml
2024-01-08 13:37:12,285 [INFO] ServerAccessManage:473 - Download File cubemx.pidx
2024-01-08 13:37:12,378 [INFO] LoadServerUpdatesThread:375 - End of LoadServerUpdate Thread
2024-01-08 13:37:12,530 [INFO] CheckServerUpdateThread:120 - End of CheckServer Thread
2024-01-08 13:37:14,643 [INFO] WebApp:161 - Instantiating new browser for Auth
2024-01-08 13:37:15,013 [WARN] PackLoader:240 - Cannot read IP mode file for STMicroelectronics.X-CUBE-SMBUS.2.1.0
2024-01-08 13:37:15,028 [WARN] PackLoader:240 - Cannot read IP mode file for STMicroelectronics.X-CUBE-TOUCHGFX.4.23.0
2024-01-08 13:37:15,071 [WARN] PackLoader:240 - Cannot read IP mode file for STMicroelectronics.X-CUBE-AZRTOS-F7.1.1.0
2024-01-08 13:37:15,098 [WARN] PackLoader:240 - Cannot read IP mode file for STMicroelectronics.FP-SNS-MOTENV1.4.3.2
2024-01-08 13:37:15,114 [WARN] PackLoader:240 - Cannot read IP mode file for STMicroelectronics.FP-SNS-FLIGHT1.5.0.2
2024-01-08 13:37:15,129 [WARN] PackLoader:240 - Cannot read IP mode file for STMicroelectronics.X-CUBE-DISPLAY.3.0.0
2024-01-08 13:37:15,147 [WARN] PackLoader:240 - Cannot read IP mode file for STMicroelectronics.X-CUBE-BLE1.7.0.0
2024-01-08 13:37:15,160 [WARN] PackLoader:240 - Cannot read IP mode file for emotas.I-CUBE-CANOPEN.1.3.0
2024-01-08 13:37:15,172 [WARN] PackLoader:240 - Cannot read IP mode file for STMicroelectronics.X-CUBE-TOUCHGFX.4.22.1
2024-01-08 13:37:15,187 [WARN] PackLoader:240 - Cannot read IP mode file for STMicroelectronics.FP-SNS-SMARTAG2.1.2.0
2024-01-08 13:37:15,213 [INFO] LogOutputStream:77 - [STDOUT_REDIRECT] 1 : Invalid condition id : UX_CORESTACK_Condition cause : null
2024-01-08 13:37:15,214 [INFO] LogOutputStream:77 - [STDOUT_REDIRECT] 1 : Invalid condition id : UX_CORESTACK_Condition cause : null
2024-01-08 13:37:15,215 [INFO] LogOutputStream:77 - [STDOUT_REDIRECT] 1 : Invalid condition id : UX_CORESTACK_Condition cause : null
2024-01-08 13:37:15,216 [INFO] LogOutputStream:77 - [STDOUT_REDIRECT] 1 : Invalid condition id : UX_CORESTACK_Condition cause : null
2024-01-08 13:37:15,218 [INFO] LogOutputStream:77 - [STDOUT_REDIRECT] 1 : Invalid condition id : UX_CORESTACK_Condition cause : null
2024-01-08 13:37:15,221 [WARN] PackLoader:240 - Cannot read IP mode file for STMicroelectronics.X-CUBE-AZRTOS-WL.2.0.0
2024-01-08 13:37:15,241 [WARN] PackLoader:240 - Cannot read IP mode file for WES.I-CUBE-Cesium.1.3.0
2024-01-08 13:37:15,255 [WARN] PackLoader:240 - Cannot read IP mode file for STMicroelectronics.X-CUBE-BLE2.3.3.0
2024-01-08 13:37:15,268 [WARN] PackLoader:240 - Cannot read IP mode file for STMicroelectronics.X-CUBE-ALGOBUILD.1.3.0
2024-01-08 13:37:15,280 [INFO] WebApp:780 - Register for checkConnection events
2024-01-08 13:37:15,280 [INFO] WebApp:414 - Apply proxy settings
2024-01-08 13:37:15,281 [INFO] WebApp:499 - Chromium requires no authentication
2024-01-08 13:37:15,288 [INFO] WebApp:442 - Direct internet connection detected
2024-01-08 13:37:15,291 [WARN] PackLoader:240 - Cannot read IP mode file for STMicroelectronics.X-CUBE-AZRTOS-G0.1.1.0
2024-01-08 13:37:15,307 [WARN] PackLoader:240 - Cannot read IP mode file for STMicroelectronics.X-CUBE-NFC4.3.0.0
2024-01-08 13:37:15,324 [WARN] PackLoader:240 - Cannot read IP mode file for STMicroelectronics.X-CUBE-BLEMGR.3.0.0
2024-01-08 13:37:15,338 [WARN] PackLoader:240 - Cannot read IP mode file for STMicroelectronics.FP-ATR-SIGFOX1.3.2.0
2024-01-08 13:37:15,351 [WARN] PackLoader:240 - Cannot read IP mode file for STMicroelectronics.X-CUBE-GNSS1.6.0.0
2024-01-08 13:37:15,380 [WARN] PackLoader:240 - Cannot read IP mode file for STMicroelectronics.X-CUBE-AZRTOS-F4.1.1.0
2024-01-08 13:37:15,398 [WARN] PackLoader:240 - Cannot read IP mode file for wolfSSL.I-CUBE-wolfSSL.5.6.4
2024-01-08 13:37:15,423 [WARN] PackLoader:240 - Cannot read IP mode file for STMicroelectronics.X-CUBE-AZRTOS-L5.2.0.0
2024-01-08 13:37:15,439 [WARN] PackLoader:240 - Cannot read IP mode file for STMicroelectronics.X-CUBE-EEPRMA1.4.2.0
2024-01-08 13:37:15,455 [WARN] PackLoader:240 - Cannot read IP mode file for ITTIA_DB.I-CUBE-ITTIADB.8.8.0
2024-01-08 13:37:15,480 [WARN] ConditionMgr:438 - getConditionDescription Invalid condition id : UX DEVICE CLASS RTOS Condition cause : null
2024-01-08 13:37:15,480 [WARN] ConditionMgr:438 - getConditionDescription Invalid condition id : UX DEVICE CLASS RTOS Condition cause : null
2024-01-08 13:37:15,483 [WARN] PackLoader:240 - Cannot read IP mode file for STMicroelectronics.X-CUBE-AZRTOS-H7.3.1.0
2024-01-08 13:37:15,484 [WARN] ConditionMgr:1039 - genDependencies : Invalid condition id : UX DEVICE CLASS RTOS Condition cause : null
2024-01-08 13:37:15,484 [WARN] ConditionMgr:1039 - genDependencies : Invalid condition id : UX DEVICE CLASS RTOS Condition cause : null
2024-01-08 13:37:15,484 [WARN] ConditionMgr:1039 - genDependencies : Invalid condition id : UX DEVICE CLASS RTOS Condition cause : null
2024-01-08 13:37:15,484 [WARN] ConditionMgr:1039 - genDependencies : Invalid condition id : UX DEVICE CLASS RTOS Condition cause : null
2024-01-08 13:37:15,485 [WARN] ConditionMgr:1039 - genDependencies : Invalid condition id : UX DEVICE CLASS RTOS Condition cause : null
2024-01-08 13:37:15,499 [WARN] PackLoader:240 - Cannot read IP mode file for STMicroelectronics.X-CUBE-NFC7.1.0.1
2024-01-08 13:37:15,518 [WARN] PackLoader:240 - Cannot read IP mode file for STMicroelectronics.X-CUBE-NFC6.3.0.0
2024-01-08 13:37:15,523 [INFO] WebApp:192 - Starting web application
2024-01-08 13:37:15,524 [INFO] WebApp:544 - Web application path used C:\ST\STM32CubeIDE_1.14.0\STM32CubeIDE\plugins\com.st.stm32cube.common.mx_6.10.0.202311202037\db\plugins\mcufinder\reactClient1\index.html
2024-01-08 13:37:15,533 [WARN] PackLoader:240 - Cannot read IP mode file for STMicroelectronics.X-CUBE-AI.8.1.0
2024-01-08 13:37:15,565 [WARN] ConditionMgr:438 - getConditionDescription Invalid condition id : LAN8742 Phy interface Condition cause : null
2024-01-08 13:37:15,566 [WARN] PackLoader:240 - Cannot read IP mode file for STMicroelectronics.X-CUBE-AZRTOS-L4.2.0.0
2024-01-08 13:37:15,568 [WARN] ConditionMgr:1039 - genDependencies : Invalid condition id : LAN8742 Phy interface Condition cause : null
2024-01-08 13:37:15,568 [WARN] ConditionMgr:1039 - genDependencies : Invalid condition id : LAN8742 Phy interface Condition cause : null
2024-01-08 13:37:15,569 [WARN] ConditionMgr:1039 - genDependencies : Invalid condition id : LAN8742 Phy interface Condition cause : null
2024-01-08 13:37:15,584 [WARN] PackLoader:240 - Cannot read IP mode file for STMicroelectronics.X-CUBE-SFXS2LP1.4.0.0
2024-01-08 13:37:15,598 [WARN] PackLoader:240 - Cannot read IP mode file for STMicroelectronics.X-CUBE-ISPU.1.1.0
2024-01-08 13:37:15,623 [WARN] ConditionMgr:438 - getConditionDescription Invalid condition id : UX DEVICE CLASS RTOS Condition cause : null
2024-01-08 13:37:15,623 [WARN] ConditionMgr:438 - getConditionDescription Invalid condition id : UX DEVICE CLASS RTOS Condition cause : null
2024-01-08 13:37:15,625 [WARN] PackLoader:240 - Cannot read IP mode file for STMicroelectronics.X-CUBE-AZRTOS-WB.2.0.0
2024-01-08 13:37:15,625 [WARN] ConditionMgr:1039 - genDependencies : Invalid condition id : UX DEVICE CLASS RTOS Condition cause : null
2024-01-08 13:37:15,625 [WARN] ConditionMgr:1039 - genDependencies : Invalid condition id : UX DEVICE CLASS RTOS Condition cause : null
2024-01-08 13:37:15,626 [WARN] ConditionMgr:1039 - genDependencies : Invalid condition id : UX DEVICE CLASS RTOS Condition cause : null
2024-01-08 13:37:15,626 [WARN] ConditionMgr:1039 - genDependencies : Invalid condition id : UX DEVICE CLASS RTOS Condition cause : null
2024-01-08 13:37:15,626 [WARN] ConditionMgr:1039 - genDependencies : Invalid condition id : UX DEVICE CLASS RTOS Condition cause : null
2024-01-08 13:37:15,647 [WARN] PackLoader:240 - Cannot read IP mode file for STMicroelectronics.X-CUBE-SUBG2.5.0.0
2024-01-08 13:37:15,678 [WARN] PackLoader:240 - Cannot read IP mode file for STMicroelectronics.X-CUBE-AZRTOS-G4.2.0.0
2024-01-08 13:37:15,706 [WARN] PackLoader:240 - Cannot read IP mode file for Infineon.AIROC-Wi-Fi-Bluetooth-STM32.1.5.1
2024-01-08 13:37:15,727 [WARN] PackLoader:240 - Cannot read IP mode file for STMicroelectronics.FP-SNS-MOTENVWB1.1.3.1
2024-01-08 13:37:15,742 [WARN] PackLoader:240 - Cannot read IP mode file for STMicroelectronics.X-CUBE-ISPU.2.0.0
2024-01-08 13:37:15,798 [WARN] PackLoader:240 - Cannot read IP mode file for STMicroelectronics.X-CUBE-MEMS1.10.0.0
2024-01-08 13:37:15,926 [WARN] PackLoader:240 - Cannot read IP mode file for STMicroelectronics.X-CUBE-FREERTOS.1.1.0
2024-01-08 13:37:15,942 [WARN] PackLoader:240 - Cannot read IP mode file for portGmbH.I-Cube-SoM-uGOAL.1.1.0
2024-01-08 13:37:15,955 [WARN] PackLoader:240 - Cannot read IP mode file for STMicroelectronics.X-CUBE-ALS.1.0.1
2024-01-08 13:37:15,969 [WARN] PackLoader:240 - Cannot read IP mode file for STMicroelectronics.FP-ATR-ASTRA1.2.0.0
2024-01-08 13:37:15,993 [WARN] PackLoader:240 - Cannot read IP mode file for STMicroelectronics.X-CUBE-TOF1.3.4.0
2024-01-08 13:37:16,029 [WARN] PackLoader:240 - Cannot read IP mode file for STMicroelectronics.X-CUBE-AZRTOS-H7.3.2.0
2024-01-08 13:37:16,032 [INFO] ThirdParty:978 - Integrity check success = true
2024-01-08 13:37:16,032 [INFO] IntegrityCheckThread:100 - exiting critical section [integrity check]
2024-01-08 13:37:16,032 [INFO] IntegrityCheckThread:103 - End integrity checks thread
2024-01-08 13:37:36,308 [ERROR] LogOutputStream:75 - [STDERR_REDIRECT] SLF4J: Failed to load class "org.slf4j.impl.StaticLoggerBinder".
2024-01-08 13:37:36,309 [ERROR] LogOutputStream:75 - [STDERR_REDIRECT] SLF4J: Defaulting to no-operation (NOP) logger implementation
2024-01-08 13:37:36,310 [ERROR] LogOutputStream:75 - [STDERR_REDIRECT] SLF4J: See http://www.slf4j.org/codes.html#StaticLoggerBinder for further details.
2024-01-08 16:42:14,729 [ERROR] LogOutputStream:75 - [STDERR_REDIRECT] 
